{"D:\\UNIVALLE\\2023-I\\Desarrollo II\\Project\\frontend-hotel-nexus\\src\\App.jsx": {"path":"D:\\UNIVALLE\\2023-I\\Desarrollo II\\Project\\frontend-hotel-nexus\\src\\App.jsx","statementMap":{"0":{"start":{"line":14,"column":2},"end":{"line":34,"column":3}}},"fnMap":{"0":{"name":"App","decl":{"start":{"line":13,"column":9},"end":{"line":13,"column":12}},"loc":{"start":{"line":13,"column":15},"end":{"line":35,"column":1}},"line":13}},"branchMap":{},"s":{"0":3},"f":{"0":3},"b":{},"_coverageSchema":"1a1c01bbd47fc00a2c39e90264f33305004495a9","hash":"521e674e2f585679bcd376d72dac3a2619bd18f3"}
,"D:\\UNIVALLE\\2023-I\\Desarrollo II\\Project\\frontend-hotel-nexus\\src\\main.jsx": {"path":"D:\\UNIVALLE\\2023-I\\Desarrollo II\\Project\\frontend-hotel-nexus\\src\\main.jsx","statementMap":{"0":{"start":{"line":11,"column":0},"end":{"line":11,"column":24}},"1":{"start":{"line":13,"column":0},"end":{"line":23,"column":2}}},"fnMap":{},"branchMap":{},"s":{"0":0,"1":0},"f":{},"b":{}}
,"D:\\UNIVALLE\\2023-I\\Desarrollo II\\Project\\frontend-hotel-nexus\\src\\components\\alertMessage\\AlertMessage.jsx": {"path":"D:\\UNIVALLE\\2023-I\\Desarrollo II\\Project\\frontend-hotel-nexus\\src\\components\\alertMessage\\AlertMessage.jsx","statementMap":{"0":{"start":{"line":6,"column":14},"end":{"line":8,"column":2}},"1":{"start":{"line":7,"column":2},"end":{"line":7,"column":74}},"2":{"start":{"line":10,"column":21},"end":{"line":30,"column":1}},"3":{"start":{"line":11,"column":26},"end":{"line":11,"column":40}},"4":{"start":{"line":13,"column":22},"end":{"line":19,"column":3}},"5":{"start":{"line":14,"column":4},"end":{"line":16,"column":5}},"6":{"start":{"line":15,"column":6},"end":{"line":15,"column":13}},"7":{"start":{"line":18,"column":4},"end":{"line":18,"column":19}},"8":{"start":{"line":21,"column":2},"end":{"line":29,"column":4}}},"fnMap":{"0":{"name":"Alert","decl":{"start":{"line":6,"column":40},"end":{"line":6,"column":45}},"loc":{"start":{"line":6,"column":58},"end":{"line":8,"column":1}},"line":6},"1":{"name":"(anonymous_1)","decl":{"start":{"line":10,"column":21},"end":{"line":10,"column":22}},"loc":{"start":{"line":10,"column":44},"end":{"line":30,"column":1}},"line":10},"2":{"name":"(anonymous_2)","decl":{"start":{"line":13,"column":22},"end":{"line":13,"column":23}},"loc":{"start":{"line":13,"column":41},"end":{"line":19,"column":3}},"line":13}},"branchMap":{"0":{"loc":{"start":{"line":14,"column":4},"end":{"line":16,"column":5}},"type":"if","locations":[{"start":{"line":14,"column":4},"end":{"line":16,"column":5}},{"start":{},"end":{}}],"line":14}},"s":{"0":5,"1":2,"2":5,"3":1,"4":1,"5":0,"6":0,"7":0,"8":1},"f":{"0":2,"1":1,"2":0},"b":{"0":[0,0]},"_coverageSchema":"1a1c01bbd47fc00a2c39e90264f33305004495a9","hash":"2de4a986adf96518d9d0d55914d049ca76b10ba2"}
,"D:\\UNIVALLE\\2023-I\\Desarrollo II\\Project\\frontend-hotel-nexus\\src\\components\\buttonIcon\\ButtonIcon.jsx": {"path":"D:\\UNIVALLE\\2023-I\\Desarrollo II\\Project\\frontend-hotel-nexus\\src\\components\\buttonIcon\\ButtonIcon.jsx","statementMap":{"0":{"start":{"line":9,"column":19},"end":{"line":33,"column":1}},"1":{"start":{"line":10,"column":19},"end":{"line":10,"column":32}},"2":{"start":{"line":11,"column":20},"end":{"line":11,"column":36}},"3":{"start":{"line":12,"column":18},"end":{"line":12,"column":37}},"4":{"start":{"line":14,"column":2},"end":{"line":32,"column":4}},"5":{"start":{"line":19,"column":8},"end":{"line":19,"column":67}},"6":{"start":{"line":20,"column":8},"end":{"line":26,"column":13}}},"fnMap":{"0":{"name":"(anonymous_0)","decl":{"start":{"line":9,"column":19},"end":{"line":9,"column":20}},"loc":{"start":{"line":9,"column":45},"end":{"line":33,"column":1}},"line":9},"1":{"name":"(anonymous_1)","decl":{"start":{"line":18,"column":15},"end":{"line":18,"column":16}},"loc":{"start":{"line":18,"column":21},"end":{"line":27,"column":7}},"line":18}},"branchMap":{"0":{"loc":{"start":{"line":19,"column":8},"end":{"line":19,"column":66}},"type":"cond-expr","locations":[{"start":{"line":19,"column":29},"end":{"line":19,"column":49}},{"start":{"line":19,"column":52},"end":{"line":19,"column":66}}],"line":19},"1":{"loc":{"start":{"line":20,"column":8},"end":{"line":26,"column":12}},"type":"binary-expr","locations":[{"start":{"line":20,"column":8},"end":{"line":20,"column":20}},{"start":{"line":21,"column":10},"end":{"line":26,"column":12}}],"line":20}},"s":{"0":7,"1":3,"2":3,"3":3,"4":3,"5":1,"6":1},"f":{"0":3,"1":1},"b":{"0":[0,1],"1":[1,0]},"_coverageSchema":"1a1c01bbd47fc00a2c39e90264f33305004495a9","hash":"079218d4fcd1b83ef7f26498b0dfd26a269630d9"}
,"D:\\UNIVALLE\\2023-I\\Desarrollo II\\Project\\frontend-hotel-nexus\\src\\components\\cardInformation\\CardInformation.jsx": {"path":"D:\\UNIVALLE\\2023-I\\Desarrollo II\\Project\\frontend-hotel-nexus\\src\\components\\cardInformation\\CardInformation.jsx","statementMap":{"0":{"start":{"line":6,"column":2},"end":{"line":17,"column":4}}},"fnMap":{"0":{"name":"CardInformation","decl":{"start":{"line":5,"column":9},"end":{"line":5,"column":24}},"loc":{"start":{"line":5,"column":47},"end":{"line":18,"column":1}},"line":5}},"branchMap":{},"s":{"0":11},"f":{"0":11},"b":{},"_coverageSchema":"1a1c01bbd47fc00a2c39e90264f33305004495a9","hash":"e6a4618d290fa53f0cc6f3d36f4b7e35294a49ad"}
,"D:\\UNIVALLE\\2023-I\\Desarrollo II\\Project\\frontend-hotel-nexus\\src\\components\\cardMenu\\CardMenu.jsx": {"path":"D:\\UNIVALLE\\2023-I\\Desarrollo II\\Project\\frontend-hotel-nexus\\src\\components\\cardMenu\\CardMenu.jsx","statementMap":{"0":{"start":{"line":4,"column":17},"end":{"line":28,"column":1}},"1":{"start":{"line":5,"column":19},"end":{"line":5,"column":32}},"2":{"start":{"line":7,"column":2},"end":{"line":27,"column":4}},"3":{"start":{"line":12,"column":8},"end":{"line":12,"column":23}}},"fnMap":{"0":{"name":"(anonymous_0)","decl":{"start":{"line":4,"column":17},"end":{"line":4,"column":18}},"loc":{"start":{"line":4,"column":73},"end":{"line":28,"column":1}},"line":4},"1":{"name":"(anonymous_1)","decl":{"start":{"line":11,"column":15},"end":{"line":11,"column":16}},"loc":{"start":{"line":11,"column":21},"end":{"line":13,"column":7}},"line":11}},"branchMap":{"0":{"loc":{"start":{"line":18,"column":34},"end":{"line":18,"column":68}},"type":"cond-expr","locations":[{"start":{"line":18,"column":52},"end":{"line":18,"column":57}},{"start":{"line":18,"column":60},"end":{"line":18,"column":68}}],"line":18}},"s":{"0":4,"1":3,"2":3,"3":1},"f":{"0":3,"1":1},"b":{"0":[0,3]},"_coverageSchema":"1a1c01bbd47fc00a2c39e90264f33305004495a9","hash":"33e4e77eff31403429b3184ab590e9867970ea73"}
,"D:\\UNIVALLE\\2023-I\\Desarrollo II\\Project\\frontend-hotel-nexus\\src\\components\\cardRoom\\CardRoom.jsx": {"path":"D:\\UNIVALLE\\2023-I\\Desarrollo II\\Project\\frontend-hotel-nexus\\src\\components\\cardRoom\\CardRoom.jsx","statementMap":{"0":{"start":{"line":7,"column":17},"end":{"line":34,"column":1}},"1":{"start":{"line":8,"column":14},"end":{"line":8,"column":40}},"2":{"start":{"line":9,"column":19},"end":{"line":9,"column":34}},"3":{"start":{"line":10,"column":18},"end":{"line":10,"column":37}},"4":{"start":{"line":11,"column":2},"end":{"line":33,"column":4}},"5":{"start":{"line":22,"column":10},"end":{"line":22,"column":75}},"6":{"start":{"line":23,"column":10},"end":{"line":27,"column":11}},"7":{"start":{"line":24,"column":12},"end":{"line":24,"column":34}},"8":{"start":{"line":26,"column":12},"end":{"line":26,"column":38}}},"fnMap":{"0":{"name":"(anonymous_0)","decl":{"start":{"line":7,"column":17},"end":{"line":7,"column":18}},"loc":{"start":{"line":7,"column":50},"end":{"line":34,"column":1}},"line":7},"1":{"name":"(anonymous_1)","decl":{"start":{"line":21,"column":17},"end":{"line":21,"column":18}},"loc":{"start":{"line":21,"column":23},"end":{"line":28,"column":9}},"line":21}},"branchMap":{"0":{"loc":{"start":{"line":17,"column":12},"end":{"line":17,"column":49}},"type":"cond-expr","locations":[{"start":{"line":17,"column":24},"end":{"line":17,"column":33}},{"start":{"line":17,"column":36},"end":{"line":17,"column":49}}],"line":17},"1":{"loc":{"start":{"line":23,"column":10},"end":{"line":27,"column":11}},"type":"if","locations":[{"start":{"line":23,"column":10},"end":{"line":27,"column":11}},{"start":{"line":25,"column":17},"end":{"line":27,"column":11}}],"line":23}},"s":{"0":4,"1":1,"2":0,"3":0,"4":0,"5":0,"6":0,"7":0,"8":0},"f":{"0":1,"1":0},"b":{"0":[0,0],"1":[0,0]},"_coverageSchema":"1a1c01bbd47fc00a2c39e90264f33305004495a9","hash":"aa2143d88775d75645fb798f41a6a36460eb60ca"}
,"D:\\UNIVALLE\\2023-I\\Desarrollo II\\Project\\frontend-hotel-nexus\\src\\components\\header\\Header.jsx": {"path":"D:\\UNIVALLE\\2023-I\\Desarrollo II\\Project\\frontend-hotel-nexus\\src\\components\\header\\Header.jsx","statementMap":{"0":{"start":{"line":3,"column":15},"end":{"line":28,"column":1}},"1":{"start":{"line":4,"column":2},"end":{"line":27,"column":4}}},"fnMap":{"0":{"name":"(anonymous_0)","decl":{"start":{"line":3,"column":15},"end":{"line":3,"column":16}},"loc":{"start":{"line":3,"column":40},"end":{"line":28,"column":1}},"line":3}},"branchMap":{},"s":{"0":7,"1":1},"f":{"0":1},"b":{},"_coverageSchema":"1a1c01bbd47fc00a2c39e90264f33305004495a9","hash":"a5b6677484e406aafa5029775add3e3abbc87631"}
,"D:\\UNIVALLE\\2023-I\\Desarrollo II\\Project\\frontend-hotel-nexus\\src\\components\\imageSlider\\ImageSlider.jsx": {"path":"D:\\UNIVALLE\\2023-I\\Desarrollo II\\Project\\frontend-hotel-nexus\\src\\components\\imageSlider\\ImageSlider.jsx","statementMap":{"0":{"start":{"line":11,"column":15},"end":{"line":11,"column":45}},"1":{"start":{"line":13,"column":20},"end":{"line":78,"column":1}},"2":{"start":{"line":14,"column":28},"end":{"line":14,"column":39}},"3":{"start":{"line":16,"column":2},"end":{"line":77,"column":4}},"4":{"start":{"line":28,"column":16},"end":{"line":32,"column":17}},"5":{"start":{"line":29,"column":18},"end":{"line":29,"column":30}},"6":{"start":{"line":31,"column":18},"end":{"line":31,"column":37}},"7":{"start":{"line":39,"column":16},"end":{"line":43,"column":17}},"8":{"start":{"line":40,"column":18},"end":{"line":40,"column":30}},"9":{"start":{"line":42,"column":18},"end":{"line":42,"column":37}},"10":{"start":{"line":50,"column":16},"end":{"line":50,"column":28}},"11":{"start":{"line":55,"column":16},"end":{"line":55,"column":28}},"12":{"start":{"line":60,"column":16},"end":{"line":60,"column":28}},"13":{"start":{"line":65,"column":16},"end":{"line":65,"column":28}},"14":{"start":{"line":70,"column":16},"end":{"line":70,"column":28}}},"fnMap":{"0":{"name":"(anonymous_0)","decl":{"start":{"line":13,"column":20},"end":{"line":13,"column":21}},"loc":{"start":{"line":13,"column":26},"end":{"line":78,"column":1}},"line":13},"1":{"name":"(anonymous_1)","decl":{"start":{"line":27,"column":23},"end":{"line":27,"column":24}},"loc":{"start":{"line":27,"column":29},"end":{"line":33,"column":15}},"line":27},"2":{"name":"(anonymous_2)","decl":{"start":{"line":38,"column":23},"end":{"line":38,"column":24}},"loc":{"start":{"line":38,"column":29},"end":{"line":44,"column":15}},"line":38},"3":{"name":"(anonymous_3)","decl":{"start":{"line":49,"column":23},"end":{"line":49,"column":24}},"loc":{"start":{"line":49,"column":29},"end":{"line":51,"column":15}},"line":49},"4":{"name":"(anonymous_4)","decl":{"start":{"line":54,"column":23},"end":{"line":54,"column":24}},"loc":{"start":{"line":54,"column":29},"end":{"line":56,"column":15}},"line":54},"5":{"name":"(anonymous_5)","decl":{"start":{"line":59,"column":23},"end":{"line":59,"column":24}},"loc":{"start":{"line":59,"column":29},"end":{"line":61,"column":15}},"line":59},"6":{"name":"(anonymous_6)","decl":{"start":{"line":64,"column":23},"end":{"line":64,"column":24}},"loc":{"start":{"line":64,"column":29},"end":{"line":66,"column":15}},"line":64},"7":{"name":"(anonymous_7)","decl":{"start":{"line":69,"column":23},"end":{"line":69,"column":24}},"loc":{"start":{"line":69,"column":29},"end":{"line":71,"column":15}},"line":69}},"branchMap":{"0":{"loc":{"start":{"line":28,"column":16},"end":{"line":32,"column":17}},"type":"if","locations":[{"start":{"line":28,"column":16},"end":{"line":32,"column":17}},{"start":{"line":30,"column":23},"end":{"line":32,"column":17}}],"line":28},"1":{"loc":{"start":{"line":39,"column":16},"end":{"line":43,"column":17}},"type":"if","locations":[{"start":{"line":39,"column":16},"end":{"line":43,"column":17}},{"start":{"line":41,"column":23},"end":{"line":43,"column":17}}],"line":39}},"s":{"0":4,"1":4,"2":10,"3":10,"4":0,"5":0,"6":0,"7":0,"8":0,"9":0,"10":0,"11":0,"12":0,"13":0,"14":0},"f":{"0":10,"1":0,"2":0,"3":0,"4":0,"5":0,"6":0,"7":0},"b":{"0":[0,0],"1":[0,0]},"_coverageSchema":"1a1c01bbd47fc00a2c39e90264f33305004495a9","hash":"cbe98775da303547ae45cb5bf8f58a1fce16db8f"}
,"D:\\UNIVALLE\\2023-I\\Desarrollo II\\Project\\frontend-hotel-nexus\\src\\components\\loader\\Loader.jsx": {"path":"D:\\UNIVALLE\\2023-I\\Desarrollo II\\Project\\frontend-hotel-nexus\\src\\components\\loader\\Loader.jsx","statementMap":{"0":{"start":{"line":3,"column":15},"end":{"line":9,"column":1}},"1":{"start":{"line":4,"column":2},"end":{"line":8,"column":4}}},"fnMap":{"0":{"name":"(anonymous_0)","decl":{"start":{"line":3,"column":15},"end":{"line":3,"column":16}},"loc":{"start":{"line":3,"column":21},"end":{"line":9,"column":1}},"line":3}},"branchMap":{},"s":{"0":4,"1":1},"f":{"0":1},"b":{},"_coverageSchema":"1a1c01bbd47fc00a2c39e90264f33305004495a9","hash":"704433fc5848b677875c0f84c82cef332f5dc339"}
,"D:\\UNIVALLE\\2023-I\\Desarrollo II\\Project\\frontend-hotel-nexus\\src\\components\\navDrawer\\NavDrawer.jsx": {"path":"D:\\UNIVALLE\\2023-I\\Desarrollo II\\Project\\frontend-hotel-nexus\\src\\components\\navDrawer\\NavDrawer.jsx","statementMap":{"0":{"start":{"line":5,"column":18},"end":{"line":25,"column":1}},"1":{"start":{"line":6,"column":19},"end":{"line":6,"column":32}},"2":{"start":{"line":8,"column":2},"end":{"line":24,"column":4}},"3":{"start":{"line":15,"column":10},"end":{"line":20,"column":12}},"4":{"start":{"line":18,"column":81},"end":{"line":18,"column":100}}},"fnMap":{"0":{"name":"(anonymous_0)","decl":{"start":{"line":5,"column":18},"end":{"line":5,"column":19}},"loc":{"start":{"line":5,"column":36},"end":{"line":25,"column":1}},"line":5},"1":{"name":"(anonymous_1)","decl":{"start":{"line":14,"column":22},"end":{"line":14,"column":23}},"loc":{"start":{"line":14,"column":32},"end":{"line":21,"column":9}},"line":14},"2":{"name":"(anonymous_2)","decl":{"start":{"line":18,"column":74},"end":{"line":18,"column":75}},"loc":{"start":{"line":18,"column":80},"end":{"line":18,"column":101}},"line":18}},"branchMap":{},"s":{"0":5,"1":3,"2":3,"3":4,"4":1},"f":{"0":3,"1":4,"2":1},"b":{},"_coverageSchema":"1a1c01bbd47fc00a2c39e90264f33305004495a9","hash":"3c4c943deed01667144dd7b657bb3eb59bbcaa2b"}
,"D:\\UNIVALLE\\2023-I\\Desarrollo II\\Project\\frontend-hotel-nexus\\src\\components\\navbar\\Navbar.jsx": {"path":"D:\\UNIVALLE\\2023-I\\Desarrollo II\\Project\\frontend-hotel-nexus\\src\\components\\navbar\\Navbar.jsx","statementMap":{"0":{"start":{"line":16,"column":15},"end":{"line":96,"column":1}},"1":{"start":{"line":17,"column":26},"end":{"line":17,"column":41}},"2":{"start":{"line":18,"column":22},"end":{"line":18,"column":56}},"3":{"start":{"line":19,"column":20},"end":{"line":19,"column":46}},"4":{"start":{"line":20,"column":19},"end":{"line":20,"column":32}},"5":{"start":{"line":22,"column":23},"end":{"line":25,"column":3}},"6":{"start":{"line":27,"column":2},"end":{"line":95,"column":4}},"7":{"start":{"line":46,"column":12},"end":{"line":46,"column":26}},"8":{"start":{"line":52,"column":14},"end":{"line":62,"column":16}},"9":{"start":{"line":57,"column":20},"end":{"line":57,"column":40}},"10":{"start":{"line":68,"column":16},"end":{"line":70,"column":46}},"11":{"start":{"line":80,"column":27},"end":{"line":80,"column":40}},"12":{"start":{"line":88,"column":23},"end":{"line":88,"column":37}}},"fnMap":{"0":{"name":"(anonymous_0)","decl":{"start":{"line":16,"column":15},"end":{"line":16,"column":16}},"loc":{"start":{"line":16,"column":21},"end":{"line":96,"column":1}},"line":16},"1":{"name":"(anonymous_1)","decl":{"start":{"line":45,"column":19},"end":{"line":45,"column":20}},"loc":{"start":{"line":45,"column":25},"end":{"line":47,"column":11}},"line":45},"2":{"name":"(anonymous_2)","decl":{"start":{"line":51,"column":30},"end":{"line":51,"column":31}},"loc":{"start":{"line":51,"column":40},"end":{"line":63,"column":13}},"line":51},"3":{"name":"(anonymous_3)","decl":{"start":{"line":56,"column":27},"end":{"line":56,"column":28}},"loc":{"start":{"line":56,"column":33},"end":{"line":58,"column":19}},"line":56},"4":{"name":"(anonymous_4)","decl":{"start":{"line":67,"column":23},"end":{"line":67,"column":24}},"loc":{"start":{"line":67,"column":29},"end":{"line":71,"column":15}},"line":67},"5":{"name":"(anonymous_5)","decl":{"start":{"line":80,"column":21},"end":{"line":80,"column":22}},"loc":{"start":{"line":80,"column":27},"end":{"line":80,"column":40}},"line":80},"6":{"name":"(anonymous_6)","decl":{"start":{"line":88,"column":17},"end":{"line":88,"column":18}},"loc":{"start":{"line":88,"column":23},"end":{"line":88,"column":37}},"line":88}},"branchMap":{"0":{"loc":{"start":{"line":35,"column":31},"end":{"line":35,"column":58}},"type":"cond-expr","locations":[{"start":{"line":35,"column":45},"end":{"line":35,"column":50}},{"start":{"line":35,"column":53},"end":{"line":35,"column":58}}],"line":35},"1":{"loc":{"start":{"line":40,"column":31},"end":{"line":40,"column":60}},"type":"cond-expr","locations":[{"start":{"line":40,"column":45},"end":{"line":40,"column":51}},{"start":{"line":40,"column":54},"end":{"line":40,"column":60}}],"line":40},"2":{"loc":{"start":{"line":49,"column":9},"end":{"line":82,"column":9}},"type":"cond-expr","locations":[{"start":{"line":50,"column":10},"end":{"line":73,"column":16}},{"start":{"line":75,"column":10},"end":{"line":81,"column":12}}],"line":49},"3":{"loc":{"start":{"line":68,"column":16},"end":{"line":70,"column":45}},"type":"cond-expr","locations":[{"start":{"line":69,"column":20},"end":{"line":69,"column":45}},{"start":{"line":70,"column":20},"end":{"line":70,"column":45}}],"line":68}},"s":{"0":4,"1":6,"2":6,"3":6,"4":5,"5":5,"6":5,"7":0,"8":0,"9":0,"10":0,"11":0,"12":0},"f":{"0":6,"1":0,"2":0,"3":0,"4":0,"5":0,"6":0},"b":{"0":[0,5],"1":[0,5],"2":[0,5],"3":[0,0]},"_coverageSchema":"1a1c01bbd47fc00a2c39e90264f33305004495a9","hash":"8f9ae2c0271c5e920894fd94256a1e7adbbfefea"}
,"D:\\UNIVALLE\\2023-I\\Desarrollo II\\Project\\frontend-hotel-nexus\\src\\components\\settings\\Settings.jsx": {"path":"D:\\UNIVALLE\\2023-I\\Desarrollo II\\Project\\frontend-hotel-nexus\\src\\components\\settings\\Settings.jsx","statementMap":{"0":{"start":{"line":11,"column":17},"end":{"line":47,"column":1}},"1":{"start":{"line":12,"column":26},"end":{"line":12,"column":41}},"2":{"start":{"line":13,"column":20},"end":{"line":13,"column":46}},"3":{"start":{"line":14,"column":18},"end":{"line":14,"column":37}},"4":{"start":{"line":15,"column":15},"end":{"line":15,"column":36}},"5":{"start":{"line":17,"column":2},"end":{"line":46,"column":4}},"6":{"start":{"line":22,"column":10},"end":{"line":22,"column":25}}},"fnMap":{"0":{"name":"(anonymous_0)","decl":{"start":{"line":11,"column":17},"end":{"line":11,"column":18}},"loc":{"start":{"line":11,"column":23},"end":{"line":47,"column":1}},"line":11},"1":{"name":"(anonymous_1)","decl":{"start":{"line":21,"column":17},"end":{"line":21,"column":18}},"loc":{"start":{"line":21,"column":23},"end":{"line":23,"column":9}},"line":21}},"branchMap":{"0":{"loc":{"start":{"line":20,"column":22},"end":{"line":20,"column":63}},"type":"cond-expr","locations":[{"start":{"line":20,"column":29},"end":{"line":20,"column":48}},{"start":{"line":20,"column":51},"end":{"line":20,"column":63}}],"line":20},"1":{"loc":{"start":{"line":25,"column":25},"end":{"line":25,"column":58}},"type":"cond-expr","locations":[{"start":{"line":25,"column":32},"end":{"line":25,"column":49}},{"start":{"line":25,"column":52},"end":{"line":25,"column":58}}],"line":25},"2":{"loc":{"start":{"line":36,"column":20},"end":{"line":36,"column":58}},"type":"cond-expr","locations":[{"start":{"line":36,"column":45},"end":{"line":36,"column":53}},{"start":{"line":36,"column":56},"end":{"line":36,"column":58}}],"line":36}},"s":{"0":6,"1":1,"2":1,"3":0,"4":0,"5":0,"6":0},"f":{"0":1,"1":0},"b":{"0":[0,0],"1":[0,0],"2":[0,0]},"_coverageSchema":"1a1c01bbd47fc00a2c39e90264f33305004495a9","hash":"648fdccfef87f24c899003da6b7ce822edd4fe8b"}
,"D:\\UNIVALLE\\2023-I\\Desarrollo II\\Project\\frontend-hotel-nexus\\src\\context\\Context.jsx": {"path":"D:\\UNIVALLE\\2023-I\\Desarrollo II\\Project\\frontend-hotel-nexus\\src\\context\\Context.jsx","statementMap":{"0":{"start":{"line":2,"column":23},"end":{"line":2,"column":40}},"1":{"start":{"line":5,"column":13},"end":{"line":10,"column":3}},"2":{"start":{"line":11,"column":34},"end":{"line":11,"column":48}},"3":{"start":{"line":12,"column":2},"end":{"line":16,"column":4}}},"fnMap":{"0":{"name":"ContextProvider","decl":{"start":{"line":4,"column":24},"end":{"line":4,"column":39}},"loc":{"start":{"line":4,"column":54},"end":{"line":17,"column":1}},"line":4}},"branchMap":{},"s":{"0":12,"1":3,"2":3,"3":3},"f":{"0":3},"b":{},"_coverageSchema":"1a1c01bbd47fc00a2c39e90264f33305004495a9","hash":"8393ceae882e5aa1c3a857b9943ec4c66a0fba43"}
,"D:\\UNIVALLE\\2023-I\\Desarrollo II\\Project\\frontend-hotel-nexus\\src\\functions\\changeLanguage.js": {"path":"D:\\UNIVALLE\\2023-I\\Desarrollo II\\Project\\frontend-hotel-nexus\\src\\functions\\changeLanguage.js","statementMap":{"0":{"start":{"line":2,"column":2},"end":{"line":4,"column":32}}},"fnMap":{"0":{"name":"changeLanguage","decl":{"start":{"line":1,"column":16},"end":{"line":1,"column":30}},"loc":{"start":{"line":1,"column":37},"end":{"line":5,"column":1}},"line":1}},"branchMap":{"0":{"loc":{"start":{"line":2,"column":2},"end":{"line":4,"column":31}},"type":"cond-expr","locations":[{"start":{"line":3,"column":6},"end":{"line":3,"column":31}},{"start":{"line":4,"column":6},"end":{"line":4,"column":31}}],"line":2}},"s":{"0":0},"f":{"0":0},"b":{"0":[0,0]},"_coverageSchema":"1a1c01bbd47fc00a2c39e90264f33305004495a9","hash":"c820d2757d142f2060b4d1961774ded28d2ab576"}
,"D:\\UNIVALLE\\2023-I\\Desarrollo II\\Project\\frontend-hotel-nexus\\src\\hooks\\useFetch.js": {"path":"D:\\UNIVALLE\\2023-I\\Desarrollo II\\Project\\frontend-hotel-nexus\\src\\hooks\\useFetch.js","statementMap":{"0":{"start":{"line":5,"column":26},"end":{"line":5,"column":40}},"1":{"start":{"line":6,"column":32},"end":{"line":6,"column":46}},"2":{"start":{"line":7,"column":28},"end":{"line":7,"column":42}},"3":{"start":{"line":8,"column":18},"end":{"line":8,"column":37}},"4":{"start":{"line":10,"column":2},"end":{"line":23,"column":9}},"5":{"start":{"line":11,"column":4},"end":{"line":11,"column":21}},"6":{"start":{"line":12,"column":4},"end":{"line":22,"column":40}},"7":{"start":{"line":19,"column":26},"end":{"line":19,"column":41}},"8":{"start":{"line":20,"column":22},"end":{"line":20,"column":35}},"9":{"start":{"line":21,"column":24},"end":{"line":21,"column":39}},"10":{"start":{"line":22,"column":21},"end":{"line":22,"column":38}},"11":{"start":{"line":24,"column":2},"end":{"line":24,"column":34}}},"fnMap":{"0":{"name":"useFetch","decl":{"start":{"line":4,"column":16},"end":{"line":4,"column":24}},"loc":{"start":{"line":4,"column":30},"end":{"line":25,"column":1}},"line":4},"1":{"name":"(anonymous_1)","decl":{"start":{"line":10,"column":12},"end":{"line":10,"column":13}},"loc":{"start":{"line":10,"column":18},"end":{"line":23,"column":3}},"line":10},"2":{"name":"(anonymous_2)","decl":{"start":{"line":19,"column":12},"end":{"line":19,"column":13}},"loc":{"start":{"line":19,"column":26},"end":{"line":19,"column":41}},"line":19},"3":{"name":"(anonymous_3)","decl":{"start":{"line":20,"column":12},"end":{"line":20,"column":13}},"loc":{"start":{"line":20,"column":22},"end":{"line":20,"column":35}},"line":20},"4":{"name":"(anonymous_4)","decl":{"start":{"line":21,"column":13},"end":{"line":21,"column":14}},"loc":{"start":{"line":21,"column":24},"end":{"line":21,"column":39}},"line":21},"5":{"name":"(anonymous_5)","decl":{"start":{"line":22,"column":15},"end":{"line":22,"column":16}},"loc":{"start":{"line":22,"column":21},"end":{"line":22,"column":38}},"line":22}},"branchMap":{},"s":{"0":0,"1":0,"2":0,"3":0,"4":0,"5":0,"6":0,"7":0,"8":0,"9":0,"10":0,"11":0},"f":{"0":0,"1":0,"2":0,"3":0,"4":0,"5":0},"b":{},"_coverageSchema":"1a1c01bbd47fc00a2c39e90264f33305004495a9","hash":"43a2bb397ce86291273ff29983240fca1a7cb709"}
,"D:\\UNIVALLE\\2023-I\\Desarrollo II\\Project\\frontend-hotel-nexus\\src\\pages\\clients\\Clients.jsx": {"path":"D:\\UNIVALLE\\2023-I\\Desarrollo II\\Project\\frontend-hotel-nexus\\src\\pages\\clients\\Clients.jsx","statementMap":{"0":{"start":{"line":10,"column":16},"end":{"line":93,"column":1}},"1":{"start":{"line":11,"column":14},"end":{"line":11,"column":39}},"2":{"start":{"line":12,"column":28},"end":{"line":12,"column":77}},"3":{"start":{"line":13,"column":19},"end":{"line":13,"column":34}},"4":{"start":{"line":21,"column":16},"end":{"line":55,"column":3}},"5":{"start":{"line":38,"column":8},"end":{"line":44,"column":10}},"6":{"start":{"line":52,"column":8},"end":{"line":52,"column":52}},"7":{"start":{"line":57,"column":2},"end":{"line":92,"column":4}},"8":{"start":{"line":62,"column":10},"end":{"line":62,"column":28}}},"fnMap":{"0":{"name":"(anonymous_0)","decl":{"start":{"line":10,"column":16},"end":{"line":10,"column":17}},"loc":{"start":{"line":10,"column":22},"end":{"line":93,"column":1}},"line":10},"1":{"name":"(anonymous_1)","decl":{"start":{"line":37,"column":18},"end":{"line":37,"column":19}},"loc":{"start":{"line":37,"column":30},"end":{"line":45,"column":7}},"line":37},"2":{"name":"(anonymous_2)","decl":{"start":{"line":51,"column":18},"end":{"line":51,"column":19}},"loc":{"start":{"line":51,"column":30},"end":{"line":53,"column":7}},"line":51},"3":{"name":"(anonymous_3)","decl":{"start":{"line":61,"column":17},"end":{"line":61,"column":18}},"loc":{"start":{"line":61,"column":23},"end":{"line":63,"column":9}},"line":61}},"branchMap":{"0":{"loc":{"start":{"line":39,"column":26},"end":{"line":39,"column":76}},"type":"cond-expr","locations":[{"start":{"line":39,"column":61},"end":{"line":39,"column":68}},{"start":{"line":39,"column":71},"end":{"line":39,"column":76}}],"line":39},"1":{"loc":{"start":{"line":40,"column":13},"end":{"line":42,"column":40}},"type":"cond-expr","locations":[{"start":{"line":41,"column":16},"end":{"line":41,"column":37}},{"start":{"line":42,"column":16},"end":{"line":42,"column":40}}],"line":40},"2":{"loc":{"start":{"line":68,"column":7},"end":{"line":90,"column":7}},"type":"binary-expr","locations":[{"start":{"line":68,"column":7},"end":{"line":68,"column":15}},{"start":{"line":69,"column":8},"end":{"line":89,"column":10}}],"line":68}},"s":{"0":3,"1":1,"2":0,"3":0,"4":0,"5":0,"6":0,"7":0,"8":0},"f":{"0":1,"1":0,"2":0,"3":0},"b":{"0":[0,0],"1":[0,0],"2":[0,0]},"_coverageSchema":"1a1c01bbd47fc00a2c39e90264f33305004495a9","hash":"e6fa122002e4d4adba5c8b78a7adf13fd016878e"}
,"D:\\UNIVALLE\\2023-I\\Desarrollo II\\Project\\frontend-hotel-nexus\\src\\pages\\clients\\convertJSON.js": {"path":"D:\\UNIVALLE\\2023-I\\Desarrollo II\\Project\\frontend-hotel-nexus\\src\\pages\\clients\\convertJSON.js","statementMap":{"0":{"start":{"line":1,"column":13},"end":{"line":48,"column":1}},"1":{"start":{"line":51,"column":16},"end":{"line":51,"column":18}},"2":{"start":{"line":52,"column":2},"end":{"line":62,"column":5}},"3":{"start":{"line":53,"column":4},"end":{"line":61,"column":7}},"4":{"start":{"line":63,"column":2},"end":{"line":63,"column":17}}},"fnMap":{"0":{"name":"convertJSON","decl":{"start":{"line":50,"column":16},"end":{"line":50,"column":27}},"loc":{"start":{"line":50,"column":34},"end":{"line":64,"column":1}},"line":50},"1":{"name":"(anonymous_1)","decl":{"start":{"line":52,"column":20},"end":{"line":52,"column":21}},"loc":{"start":{"line":52,"column":30},"end":{"line":62,"column":3}},"line":52}},"branchMap":{},"s":{"0":3,"1":0,"2":0,"3":0,"4":0},"f":{"0":0,"1":0},"b":{},"_coverageSchema":"1a1c01bbd47fc00a2c39e90264f33305004495a9","hash":"9a959848c19229eceb058c388dec455ac83cbcd5"}
,"D:\\UNIVALLE\\2023-I\\Desarrollo II\\Project\\frontend-hotel-nexus\\src\\pages\\faceRegister\\FaceRegister.jsx": {"path":"D:\\UNIVALLE\\2023-I\\Desarrollo II\\Project\\frontend-hotel-nexus\\src\\pages\\faceRegister\\FaceRegister.jsx","statementMap":{"0":{"start":{"line":14,"column":14},"end":{"line":14,"column":44}},"1":{"start":{"line":16,"column":26},"end":{"line":25,"column":4}},"2":{"start":{"line":27,"column":19},"end":{"line":27,"column":32}},"3":{"start":{"line":28,"column":22},"end":{"line":28,"column":56}},"4":{"start":{"line":30,"column":28},"end":{"line":33,"column":3}},"5":{"start":{"line":31,"column":17},"end":{"line":31,"column":72}},"6":{"start":{"line":32,"column":4},"end":{"line":32,"column":23}},"7":{"start":{"line":35,"column":27},"end":{"line":56,"column":3}},"8":{"start":{"line":36,"column":18},"end":{"line":49,"column":5}},"9":{"start":{"line":51,"column":24},"end":{"line":51,"column":80}},"10":{"start":{"line":53,"column":21},"end":{"line":53,"column":51}},"11":{"start":{"line":55,"column":24},"end":{"line":55,"column":82}},"12":{"start":{"line":59,"column":4},"end":{"line":59,"column":29}},"13":{"start":{"line":61,"column":2},"end":{"line":194,"column":4}},"14":{"start":{"line":67,"column":12},"end":{"line":67,"column":30}},"15":{"start":{"line":87,"column":14},"end":{"line":188,"column":21}},"16":{"start":{"line":203,"column":38},"end":{"line":203,"column":36295}},"17":{"start":{"line":203,"column":42},"end":{"line":203,"column":36284}},"18":{"start":{"line":203,"column":36320},"end":{"line":203,"column":36360}},"19":{"start":{"line":203,"column":36324},"end":{"line":203,"column":36349}},"20":{"start":{"line":203,"column":36361},"end":{"line":203,"column":36369}},"21":{"start":{"line":203,"column":36394},"end":{"line":203,"column":36436}},"22":{"start":{"line":203,"column":36398},"end":{"line":203,"column":36425}},"23":{"start":{"line":203,"column":36437},"end":{"line":203,"column":36445}},"24":{"start":{"line":203,"column":36464},"end":{"line":203,"column":36501}},"25":{"start":{"line":203,"column":36468},"end":{"line":203,"column":36490}},"26":{"start":{"line":203,"column":36520},"end":{"line":203,"column":36560}},"27":{"start":{"line":203,"column":36524},"end":{"line":203,"column":36549}}},"fnMap":{"0":{"name":"FaceRegister","decl":{"start":{"line":13,"column":9},"end":{"line":13,"column":21}},"loc":{"start":{"line":13,"column":36},"end":{"line":195,"column":1}},"line":13},"1":{"name":"(anonymous_1)","decl":{"start":{"line":30,"column":28},"end":{"line":30,"column":29}},"loc":{"start":{"line":30,"column":45},"end":{"line":33,"column":3}},"line":30},"2":{"name":"(anonymous_2)","decl":{"start":{"line":35,"column":27},"end":{"line":35,"column":28}},"loc":{"start":{"line":35,"column":45},"end":{"line":56,"column":3}},"line":35},"3":{"name":"submit","decl":{"start":{"line":58,"column":11},"end":{"line":58,"column":17}},"loc":{"start":{"line":58,"column":26},"end":{"line":60,"column":3}},"line":58},"4":{"name":"(anonymous_4)","decl":{"start":{"line":66,"column":19},"end":{"line":66,"column":20}},"loc":{"start":{"line":66,"column":25},"end":{"line":68,"column":11}},"line":66},"5":{"name":"(anonymous_5)","decl":{"start":{"line":79,"column":13},"end":{"line":79,"column":14}},"loc":{"start":{"line":87,"column":14},"end":{"line":188,"column":21}},"line":87},"6":{"name":"oo_cm","decl":{"start":{"line":203,"column":30},"end":{"line":203,"column":35}},"loc":{"start":{"line":203,"column":37},"end":{"line":203,"column":36296}},"line":203},"7":{"name":"oo_oo","decl":{"start":{"line":203,"column":36306},"end":{"line":203,"column":36311}},"loc":{"start":{"line":203,"column":36319},"end":{"line":203,"column":36370}},"line":203},"8":{"name":"oo_tr","decl":{"start":{"line":203,"column":36380},"end":{"line":203,"column":36385}},"loc":{"start":{"line":203,"column":36393},"end":{"line":203,"column":36446}},"line":203},"9":{"name":"oo_ts","decl":{"start":{"line":203,"column":36456},"end":{"line":203,"column":36461}},"loc":{"start":{"line":203,"column":36463},"end":{"line":203,"column":36502}},"line":203},"10":{"name":"oo_te","decl":{"start":{"line":203,"column":36512},"end":{"line":203,"column":36517}},"loc":{"start":{"line":203,"column":36519},"end":{"line":203,"column":36561}},"line":203}},"branchMap":{"0":{"loc":{"start":{"line":94,"column":34},"end":{"line":94,"column":68}},"type":"cond-expr","locations":[{"start":{"line":94,"column":48},"end":{"line":94,"column":57}},{"start":{"line":94,"column":60},"end":{"line":94,"column":68}}],"line":94},"1":{"loc":{"start":{"line":153,"column":19},"end":{"line":165,"column":19}},"type":"binary-expr","locations":[{"start":{"line":153,"column":19},"end":{"line":153,"column":45}},{"start":{"line":154,"column":20},"end":{"line":164,"column":22}}],"line":153},"2":{"loc":{"start":{"line":203,"column":49},"end":{"line":203,"column":36283}},"type":"binary-expr","locations":[{"start":{"line":203,"column":49},"end":{"line":203,"column":86}},{"start":{"line":203,"column":90},"end":{"line":203,"column":36283}}],"line":203}},"s":{"0":1,"1":0,"2":0,"3":0,"4":0,"5":0,"6":0,"7":0,"8":0,"9":0,"10":0,"11":0,"12":0,"13":0,"14":0,"15":0,"16":0,"17":0,"18":0,"19":0,"20":0,"21":0,"22":0,"23":0,"24":0,"25":0,"26":0,"27":0},"f":{"0":1,"1":0,"2":0,"3":0,"4":0,"5":0,"6":0,"7":0,"8":0,"9":0,"10":0},"b":{"0":[0,0],"1":[0,0],"2":[0,0]},"_coverageSchema":"1a1c01bbd47fc00a2c39e90264f33305004495a9","hash":"0ee90c69ce2fdfbb597ee01a7d86db5c7c83ebf7"}
,"D:\\UNIVALLE\\2023-I\\Desarrollo II\\Project\\frontend-hotel-nexus\\src\\pages\\home\\Home.jsx": {"path":"D:\\UNIVALLE\\2023-I\\Desarrollo II\\Project\\frontend-hotel-nexus\\src\\pages\\home\\Home.jsx","statementMap":{"0":{"start":{"line":12,"column":13},"end":{"line":61,"column":1}},"1":{"start":{"line":13,"column":14},"end":{"line":13,"column":36}},"2":{"start":{"line":14,"column":22},"end":{"line":14,"column":56}},"3":{"start":{"line":15,"column":32},"end":{"line":15,"column":46}},"4":{"start":{"line":16,"column":18},"end":{"line":16,"column":37}},"5":{"start":{"line":17,"column":14},"end":{"line":17,"column":57}},"6":{"start":{"line":19,"column":2},"end":{"line":24,"column":9}},"7":{"start":{"line":20,"column":4},"end":{"line":20,"column":21}},"8":{"start":{"line":21,"column":4},"end":{"line":23,"column":13}},"9":{"start":{"line":22,"column":6},"end":{"line":22,"column":24}},"10":{"start":{"line":26,"column":2},"end":{"line":60,"column":4}},"11":{"start":{"line":45,"column":12},"end":{"line":55,"column":14}}},"fnMap":{"0":{"name":"(anonymous_0)","decl":{"start":{"line":12,"column":13},"end":{"line":12,"column":14}},"loc":{"start":{"line":12,"column":19},"end":{"line":61,"column":1}},"line":12},"1":{"name":"(anonymous_1)","decl":{"start":{"line":19,"column":12},"end":{"line":19,"column":13}},"loc":{"start":{"line":19,"column":18},"end":{"line":24,"column":3}},"line":19},"2":{"name":"(anonymous_2)","decl":{"start":{"line":21,"column":15},"end":{"line":21,"column":16}},"loc":{"start":{"line":21,"column":21},"end":{"line":23,"column":5}},"line":21},"3":{"name":"(anonymous_3)","decl":{"start":{"line":44,"column":22},"end":{"line":44,"column":23}},"loc":{"start":{"line":44,"column":32},"end":{"line":56,"column":11}},"line":44}},"branchMap":{"0":{"loc":{"start":{"line":28,"column":7},"end":{"line":28,"column":28}},"type":"binary-expr","locations":[{"start":{"line":28,"column":7},"end":{"line":28,"column":14}},{"start":{"line":28,"column":18},"end":{"line":28,"column":28}}],"line":28},"1":{"loc":{"start":{"line":42,"column":37},"end":{"line":42,"column":67}},"type":"cond-expr","locations":[{"start":{"line":42,"column":51},"end":{"line":42,"column":56}},{"start":{"line":42,"column":59},"end":{"line":42,"column":67}}],"line":42}},"s":{"0":3,"1":1,"2":0,"3":0,"4":0,"5":0,"6":0,"7":0,"8":0,"9":0,"10":0,"11":0},"f":{"0":1,"1":0,"2":0,"3":0},"b":{"0":[0,0],"1":[0,0]},"_coverageSchema":"1a1c01bbd47fc00a2c39e90264f33305004495a9","hash":"913c5b5abc832e56a9cab3bff9ff8d90a99af459"}
,"D:\\UNIVALLE\\2023-I\\Desarrollo II\\Project\\frontend-hotel-nexus\\src\\pages\\home\\links.js": {"path":"D:\\UNIVALLE\\2023-I\\Desarrollo II\\Project\\frontend-hotel-nexus\\src\\pages\\home\\links.js","statementMap":{"0":{"start":{"line":7,"column":14},"end":{"line":7,"column":21}},"1":{"start":{"line":8,"column":21},"end":{"line":8,"column":35}},"2":{"start":{"line":9,"column":15},"end":{"line":9,"column":23}},"3":{"start":{"line":11,"column":19},"end":{"line":11,"column":21}},"4":{"start":{"line":12,"column":24},"end":{"line":12,"column":26}},"5":{"start":{"line":13,"column":16},"end":{"line":13,"column":18}},"6":{"start":{"line":16,"column":2},"end":{"line":91,"column":3}},"7":{"start":{"line":18,"column":6},"end":{"line":51,"column":9}},"8":{"start":{"line":53,"column":6},"end":{"line":70,"column":9}},"9":{"start":{"line":73,"column":6},"end":{"line":90,"column":9}}},"fnMap":{"0":{"name":"generateLinks","decl":{"start":{"line":15,"column":16},"end":{"line":15,"column":29}},"loc":{"start":{"line":15,"column":42},"end":{"line":92,"column":1}},"line":15}},"branchMap":{"0":{"loc":{"start":{"line":16,"column":2},"end":{"line":91,"column":3}},"type":"switch","locations":[{"start":{"line":17,"column":4},"end":{"line":51,"column":9}},{"start":{"line":52,"column":4},"end":{"line":70,"column":9}},{"start":{"line":72,"column":4},"end":{"line":90,"column":9}}],"line":16}},"s":{"0":3,"1":3,"2":3,"3":3,"4":3,"5":3,"6":0,"7":0,"8":0,"9":0},"f":{"0":0},"b":{"0":[0,0,0]},"_coverageSchema":"1a1c01bbd47fc00a2c39e90264f33305004495a9","hash":"66d5eab8226a4b6bc4367cb9dce63b276598f6dc"}
,"D:\\UNIVALLE\\2023-I\\Desarrollo II\\Project\\frontend-hotel-nexus\\src\\pages\\homePage\\HomePage.jsx": {"path":"D:\\UNIVALLE\\2023-I\\Desarrollo II\\Project\\frontend-hotel-nexus\\src\\pages\\homePage\\HomePage.jsx","statementMap":{"0":{"start":{"line":10,"column":17},"end":{"line":75,"column":1}},"1":{"start":{"line":11,"column":14},"end":{"line":11,"column":40}},"2":{"start":{"line":12,"column":17},"end":{"line":15,"column":3}},"3":{"start":{"line":16,"column":17},"end":{"line":19,"column":3}},"4":{"start":{"line":21,"column":2},"end":{"line":74,"column":4}}},"fnMap":{"0":{"name":"(anonymous_0)","decl":{"start":{"line":10,"column":17},"end":{"line":10,"column":18}},"loc":{"start":{"line":10,"column":23},"end":{"line":75,"column":1}},"line":10}},"branchMap":{},"s":{"0":3,"1":6,"2":5,"3":5,"4":5},"f":{"0":6},"b":{},"_coverageSchema":"1a1c01bbd47fc00a2c39e90264f33305004495a9","hash":"492b066ae3c9a9f32603f3c3863409b3e60b3d65"}
,"D:\\UNIVALLE\\2023-I\\Desarrollo II\\Project\\frontend-hotel-nexus\\src\\pages\\login\\Login.jsx": {"path":"D:\\UNIVALLE\\2023-I\\Desarrollo II\\Project\\frontend-hotel-nexus\\src\\pages\\login\\Login.jsx","statementMap":{"0":{"start":{"line":13,"column":14},"end":{"line":177,"column":1}},"1":{"start":{"line":14,"column":20},"end":{"line":14,"column":43}},"2":{"start":{"line":15,"column":30},"end":{"line":15,"column":42}},"3":{"start":{"line":16,"column":38},"end":{"line":16,"column":50}},"4":{"start":{"line":17,"column":28},"end":{"line":17,"column":43}},"5":{"start":{"line":18,"column":19},"end":{"line":18,"column":32}},"6":{"start":{"line":19,"column":18},"end":{"line":19,"column":37}},"7":{"start":{"line":20,"column":28},"end":{"line":20,"column":43}},"8":{"start":{"line":21,"column":32},"end":{"line":21,"column":44}},"9":{"start":{"line":22,"column":36},"end":{"line":22,"column":55}},"10":{"start":{"line":25,"column":28},"end":{"line":28,"column":3}},"11":{"start":{"line":26,"column":17},"end":{"line":26,"column":71}},"12":{"start":{"line":27,"column":4},"end":{"line":27,"column":23}},"13":{"start":{"line":30,"column":16},"end":{"line":80,"column":3}},"14":{"start":{"line":31,"column":4},"end":{"line":31,"column":23}},"15":{"start":{"line":32,"column":17},"end":{"line":35,"column":5}},"16":{"start":{"line":37,"column":18},"end":{"line":41,"column":5}},"17":{"start":{"line":45,"column":21},"end":{"line":45,"column":51}},"18":{"start":{"line":46,"column":24},"end":{"line":46,"column":82}},"19":{"start":{"line":48,"column":4},"end":{"line":79,"column":5}},"20":{"start":{"line":49,"column":21},"end":{"line":49,"column":25}},"21":{"start":{"line":50,"column":6},"end":{"line":56,"column":7}},"22":{"start":{"line":51,"column":8},"end":{"line":51,"column":27}},"23":{"start":{"line":52,"column":13},"end":{"line":56,"column":7}},"24":{"start":{"line":53,"column":8},"end":{"line":53,"column":28}},"25":{"start":{"line":54,"column":13},"end":{"line":56,"column":7}},"26":{"start":{"line":55,"column":8},"end":{"line":55,"column":34}},"27":{"start":{"line":58,"column":26},"end":{"line":58,"column":71}},"28":{"start":{"line":60,"column":20},"end":{"line":65,"column":7}},"29":{"start":{"line":66,"column":6},"end":{"line":66,"column":35}},"30":{"start":{"line":68,"column":6},"end":{"line":68,"column":31}},"31":{"start":{"line":69,"column":6},"end":{"line":69,"column":30}},"32":{"start":{"line":70,"column":6},"end":{"line":70,"column":21}},"33":{"start":{"line":71,"column":6},"end":{"line":73,"column":14}},"34":{"start":{"line":72,"column":8},"end":{"line":72,"column":26}},"35":{"start":{"line":75,"column":6},"end":{"line":75,"column":21}},"36":{"start":{"line":76,"column":6},"end":{"line":76,"column":29}},"37":{"start":{"line":77,"column":6},"end":{"line":77,"column":28}},"38":{"start":{"line":78,"column":6},"end":{"line":78,"column":21}},"39":{"start":{"line":82,"column":2},"end":{"line":176,"column":4}},"40":{"start":{"line":90,"column":14},"end":{"line":92,"column":44}},"41":{"start":{"line":99,"column":12},"end":{"line":99,"column":26}},"42":{"start":{"line":122,"column":20},"end":{"line":122,"column":46}},"43":{"start":{"line":123,"column":20},"end":{"line":123,"column":36}},"44":{"start":{"line":124,"column":20},"end":{"line":124,"column":36}},"45":{"start":{"line":134,"column":20},"end":{"line":134,"column":50}},"46":{"start":{"line":135,"column":20},"end":{"line":135,"column":36}},"47":{"start":{"line":136,"column":20},"end":{"line":136,"column":36}},"48":{"start":{"line":163,"column":18},"end":{"line":163,"column":40}},"49":{"start":{"line":186,"column":38},"end":{"line":186,"column":36295}},"50":{"start":{"line":186,"column":42},"end":{"line":186,"column":36284}},"51":{"start":{"line":186,"column":36320},"end":{"line":186,"column":36360}},"52":{"start":{"line":186,"column":36324},"end":{"line":186,"column":36349}},"53":{"start":{"line":186,"column":36361},"end":{"line":186,"column":36369}},"54":{"start":{"line":186,"column":36394},"end":{"line":186,"column":36436}},"55":{"start":{"line":186,"column":36398},"end":{"line":186,"column":36425}},"56":{"start":{"line":186,"column":36437},"end":{"line":186,"column":36445}},"57":{"start":{"line":186,"column":36464},"end":{"line":186,"column":36501}},"58":{"start":{"line":186,"column":36468},"end":{"line":186,"column":36490}},"59":{"start":{"line":186,"column":36520},"end":{"line":186,"column":36560}},"60":{"start":{"line":186,"column":36524},"end":{"line":186,"column":36549}}},"fnMap":{"0":{"name":"(anonymous_0)","decl":{"start":{"line":13,"column":14},"end":{"line":13,"column":15}},"loc":{"start":{"line":13,"column":20},"end":{"line":177,"column":1}},"line":13},"1":{"name":"(anonymous_1)","decl":{"start":{"line":25,"column":28},"end":{"line":25,"column":29}},"loc":{"start":{"line":25,"column":45},"end":{"line":28,"column":3}},"line":25},"2":{"name":"(anonymous_2)","decl":{"start":{"line":30,"column":16},"end":{"line":30,"column":17}},"loc":{"start":{"line":30,"column":29},"end":{"line":80,"column":3}},"line":30},"3":{"name":"(anonymous_3)","decl":{"start":{"line":71,"column":17},"end":{"line":71,"column":18}},"loc":{"start":{"line":71,"column":29},"end":{"line":73,"column":7}},"line":71},"4":{"name":"(anonymous_4)","decl":{"start":{"line":89,"column":21},"end":{"line":89,"column":22}},"loc":{"start":{"line":89,"column":27},"end":{"line":93,"column":13}},"line":89},"5":{"name":"(anonymous_5)","decl":{"start":{"line":98,"column":19},"end":{"line":98,"column":20}},"loc":{"start":{"line":98,"column":25},"end":{"line":100,"column":11}},"line":98},"6":{"name":"(anonymous_6)","decl":{"start":{"line":121,"column":28},"end":{"line":121,"column":29}},"loc":{"start":{"line":121,"column":35},"end":{"line":125,"column":19}},"line":121},"7":{"name":"(anonymous_7)","decl":{"start":{"line":133,"column":28},"end":{"line":133,"column":29}},"loc":{"start":{"line":133,"column":35},"end":{"line":137,"column":19}},"line":133},"8":{"name":"(anonymous_8)","decl":{"start":{"line":162,"column":25},"end":{"line":162,"column":26}},"loc":{"start":{"line":162,"column":31},"end":{"line":164,"column":17}},"line":162},"9":{"name":"oo_cm","decl":{"start":{"line":186,"column":30},"end":{"line":186,"column":35}},"loc":{"start":{"line":186,"column":37},"end":{"line":186,"column":36296}},"line":186},"10":{"name":"oo_oo","decl":{"start":{"line":186,"column":36306},"end":{"line":186,"column":36311}},"loc":{"start":{"line":186,"column":36319},"end":{"line":186,"column":36370}},"line":186},"11":{"name":"oo_tr","decl":{"start":{"line":186,"column":36380},"end":{"line":186,"column":36385}},"loc":{"start":{"line":186,"column":36393},"end":{"line":186,"column":36446}},"line":186},"12":{"name":"oo_ts","decl":{"start":{"line":186,"column":36456},"end":{"line":186,"column":36461}},"loc":{"start":{"line":186,"column":36463},"end":{"line":186,"column":36502}},"line":186},"13":{"name":"oo_te","decl":{"start":{"line":186,"column":36512},"end":{"line":186,"column":36517}},"loc":{"start":{"line":186,"column":36519},"end":{"line":186,"column":36561}},"line":186}},"branchMap":{"0":{"loc":{"start":{"line":48,"column":4},"end":{"line":79,"column":5}},"type":"if","locations":[{"start":{"line":48,"column":4},"end":{"line":79,"column":5}},{"start":{"line":74,"column":11},"end":{"line":79,"column":5}}],"line":48},"1":{"loc":{"start":{"line":50,"column":6},"end":{"line":56,"column":7}},"type":"if","locations":[{"start":{"line":50,"column":6},"end":{"line":56,"column":7}},{"start":{"line":52,"column":13},"end":{"line":56,"column":7}}],"line":50},"2":{"loc":{"start":{"line":52,"column":13},"end":{"line":56,"column":7}},"type":"if","locations":[{"start":{"line":52,"column":13},"end":{"line":56,"column":7}},{"start":{"line":54,"column":13},"end":{"line":56,"column":7}}],"line":52},"3":{"loc":{"start":{"line":54,"column":13},"end":{"line":56,"column":7}},"type":"if","locations":[{"start":{"line":54,"column":13},"end":{"line":56,"column":7}},{"start":{},"end":{}}],"line":54},"4":{"loc":{"start":{"line":85,"column":9},"end":{"line":85,"column":75}},"type":"cond-expr","locations":[{"start":{"line":85,"column":17},"end":{"line":85,"column":68}},{"start":{"line":85,"column":71},"end":{"line":85,"column":75}}],"line":85},"5":{"loc":{"start":{"line":90,"column":14},"end":{"line":92,"column":43}},"type":"cond-expr","locations":[{"start":{"line":91,"column":18},"end":{"line":91,"column":43}},{"start":{"line":92,"column":18},"end":{"line":92,"column":43}}],"line":90},"6":{"loc":{"start":{"line":140,"column":15},"end":{"line":144,"column":15}},"type":"binary-expr","locations":[{"start":{"line":140,"column":15},"end":{"line":140,"column":20}},{"start":{"line":141,"column":16},"end":{"line":143,"column":22}}],"line":140},"7":{"loc":{"start":{"line":186,"column":49},"end":{"line":186,"column":36283}},"type":"binary-expr","locations":[{"start":{"line":186,"column":49},"end":{"line":186,"column":86}},{"start":{"line":186,"column":90},"end":{"line":186,"column":36283}}],"line":186}},"s":{"0":3,"1":1,"2":0,"3":0,"4":0,"5":0,"6":0,"7":0,"8":0,"9":0,"10":0,"11":0,"12":0,"13":0,"14":0,"15":0,"16":0,"17":0,"18":0,"19":0,"20":0,"21":0,"22":0,"23":0,"24":0,"25":0,"26":0,"27":0,"28":0,"29":0,"30":0,"31":0,"32":0,"33":0,"34":0,"35":0,"36":0,"37":0,"38":0,"39":0,"40":0,"41":0,"42":0,"43":0,"44":0,"45":0,"46":0,"47":0,"48":0,"49":0,"50":0,"51":0,"52":0,"53":0,"54":0,"55":0,"56":0,"57":0,"58":0,"59":0,"60":0},"f":{"0":1,"1":0,"2":0,"3":0,"4":0,"5":0,"6":0,"7":0,"8":0,"9":0,"10":0,"11":0,"12":0,"13":0},"b":{"0":[0,0],"1":[0,0],"2":[0,0],"3":[0,0],"4":[0,0],"5":[0,0],"6":[0,0],"7":[0,0]},"_coverageSchema":"1a1c01bbd47fc00a2c39e90264f33305004495a9","hash":"baa161a03e6a317144c1a3534475ec2581f185a1"}
,"D:\\UNIVALLE\\2023-I\\Desarrollo II\\Project\\frontend-hotel-nexus\\src\\pages\\profile\\Profile.jsx": {"path":"D:\\UNIVALLE\\2023-I\\Desarrollo II\\Project\\frontend-hotel-nexus\\src\\pages\\profile\\Profile.jsx","statementMap":{"0":{"start":{"line":14,"column":16},"end":{"line":90,"column":1}},"1":{"start":{"line":15,"column":18},"end":{"line":15,"column":37}},"2":{"start":{"line":17,"column":19},"end":{"line":17,"column":32}},"3":{"start":{"line":18,"column":22},"end":{"line":18,"column":56}},"4":{"start":{"line":19,"column":28},"end":{"line":22,"column":3}},"5":{"start":{"line":23,"column":2},"end":{"line":89,"column":4}},"6":{"start":{"line":28,"column":10},"end":{"line":28,"column":28}}},"fnMap":{"0":{"name":"(anonymous_0)","decl":{"start":{"line":14,"column":16},"end":{"line":14,"column":17}},"loc":{"start":{"line":14,"column":22},"end":{"line":90,"column":1}},"line":14},"1":{"name":"(anonymous_1)","decl":{"start":{"line":27,"column":17},"end":{"line":27,"column":18}},"loc":{"start":{"line":27,"column":23},"end":{"line":29,"column":9}},"line":27}},"branchMap":{"0":{"loc":{"start":{"line":39,"column":9},"end":{"line":39,"column":51}},"type":"binary-expr","locations":[{"start":{"line":39,"column":9},"end":{"line":39,"column":16}},{"start":{"line":39,"column":20},"end":{"line":39,"column":51}}],"line":39},"1":{"loc":{"start":{"line":40,"column":9},"end":{"line":70,"column":9}},"type":"binary-expr","locations":[{"start":{"line":40,"column":9},"end":{"line":40,"column":17}},{"start":{"line":41,"column":10},"end":{"line":69,"column":16}}],"line":40},"2":{"loc":{"start":{"line":46,"column":39},"end":{"line":46,"column":73}},"type":"cond-expr","locations":[{"start":{"line":46,"column":53},"end":{"line":46,"column":62}},{"start":{"line":46,"column":65},"end":{"line":46,"column":73}}],"line":46}},"s":{"0":2,"1":0,"2":0,"3":0,"4":0,"5":0,"6":0},"f":{"0":0,"1":0},"b":{"0":[0,0],"1":[0,0],"2":[0,0]},"_coverageSchema":"1a1c01bbd47fc00a2c39e90264f33305004495a9","hash":"34412d3e19394dff90ec013361f99d7d9130336e"}
,"D:\\UNIVALLE\\2023-I\\Desarrollo II\\Project\\frontend-hotel-nexus\\src\\pages\\register\\Register.jsx": {"path":"D:\\UNIVALLE\\2023-I\\Desarrollo II\\Project\\frontend-hotel-nexus\\src\\pages\\register\\Register.jsx","statementMap":{"0":{"start":{"line":11,"column":20},"end":{"line":11,"column":46}},"1":{"start":{"line":12,"column":30},"end":{"line":12,"column":42}},"2":{"start":{"line":13,"column":36},"end":{"line":13,"column":48}},"3":{"start":{"line":14,"column":30},"end":{"line":14,"column":42}},"4":{"start":{"line":15,"column":56},"end":{"line":15,"column":68}},"5":{"start":{"line":16,"column":48},"end":{"line":16,"column":60}},"6":{"start":{"line":17,"column":38},"end":{"line":17,"column":50}},"7":{"start":{"line":18,"column":28},"end":{"line":18,"column":43}},"8":{"start":{"line":19,"column":32},"end":{"line":19,"column":44}},"9":{"start":{"line":20,"column":36},"end":{"line":20,"column":55}},"10":{"start":{"line":22,"column":19},"end":{"line":22,"column":32}},"11":{"start":{"line":24,"column":28},"end":{"line":27,"column":3}},"12":{"start":{"line":25,"column":17},"end":{"line":25,"column":72}},"13":{"start":{"line":26,"column":4},"end":{"line":26,"column":23}},"14":{"start":{"line":29,"column":19},"end":{"line":55,"column":3}},"15":{"start":{"line":30,"column":4},"end":{"line":30,"column":23}},"16":{"start":{"line":31,"column":17},"end":{"line":40,"column":5}},"17":{"start":{"line":42,"column":18},"end":{"line":46,"column":5}},"18":{"start":{"line":48,"column":24},"end":{"line":48,"column":80}},"19":{"start":{"line":50,"column":21},"end":{"line":50,"column":51}},"20":{"start":{"line":51,"column":24},"end":{"line":51,"column":82}},"21":{"start":{"line":52,"column":4},"end":{"line":52,"column":29}},"22":{"start":{"line":53,"column":4},"end":{"line":53,"column":28}},"23":{"start":{"line":54,"column":4},"end":{"line":54,"column":19}},"24":{"start":{"line":57,"column":2},"end":{"line":169,"column":4}},"25":{"start":{"line":65,"column":14},"end":{"line":67,"column":44}},"26":{"start":{"line":74,"column":12},"end":{"line":74,"column":26}},"27":{"start":{"line":96,"column":35},"end":{"line":96,"column":60}},"28":{"start":{"line":104,"column":35},"end":{"line":104,"column":63}},"29":{"start":{"line":112,"column":35},"end":{"line":112,"column":60}},"30":{"start":{"line":120,"column":35},"end":{"line":120,"column":73}},"31":{"start":{"line":127,"column":35},"end":{"line":127,"column":69}},"32":{"start":{"line":135,"column":35},"end":{"line":135,"column":64}},"33":{"start":{"line":156,"column":18},"end":{"line":156,"column":37}},"34":{"start":{"line":179,"column":38},"end":{"line":179,"column":36295}},"35":{"start":{"line":179,"column":42},"end":{"line":179,"column":36284}},"36":{"start":{"line":179,"column":36320},"end":{"line":179,"column":36360}},"37":{"start":{"line":179,"column":36324},"end":{"line":179,"column":36349}},"38":{"start":{"line":179,"column":36361},"end":{"line":179,"column":36369}},"39":{"start":{"line":179,"column":36394},"end":{"line":179,"column":36436}},"40":{"start":{"line":179,"column":36398},"end":{"line":179,"column":36425}},"41":{"start":{"line":179,"column":36437},"end":{"line":179,"column":36445}},"42":{"start":{"line":179,"column":36464},"end":{"line":179,"column":36501}},"43":{"start":{"line":179,"column":36468},"end":{"line":179,"column":36490}},"44":{"start":{"line":179,"column":36520},"end":{"line":179,"column":36560}},"45":{"start":{"line":179,"column":36524},"end":{"line":179,"column":36549}}},"fnMap":{"0":{"name":"Register","decl":{"start":{"line":10,"column":9},"end":{"line":10,"column":17}},"loc":{"start":{"line":10,"column":20},"end":{"line":170,"column":1}},"line":10},"1":{"name":"(anonymous_1)","decl":{"start":{"line":24,"column":28},"end":{"line":24,"column":29}},"loc":{"start":{"line":24,"column":45},"end":{"line":27,"column":3}},"line":24},"2":{"name":"(anonymous_2)","decl":{"start":{"line":29,"column":19},"end":{"line":29,"column":20}},"loc":{"start":{"line":29,"column":32},"end":{"line":55,"column":3}},"line":29},"3":{"name":"(anonymous_3)","decl":{"start":{"line":64,"column":21},"end":{"line":64,"column":22}},"loc":{"start":{"line":64,"column":27},"end":{"line":68,"column":13}},"line":64},"4":{"name":"(anonymous_4)","decl":{"start":{"line":73,"column":19},"end":{"line":73,"column":20}},"loc":{"start":{"line":73,"column":25},"end":{"line":75,"column":11}},"line":73},"5":{"name":"(anonymous_5)","decl":{"start":{"line":96,"column":28},"end":{"line":96,"column":29}},"loc":{"start":{"line":96,"column":35},"end":{"line":96,"column":60}},"line":96},"6":{"name":"(anonymous_6)","decl":{"start":{"line":104,"column":28},"end":{"line":104,"column":29}},"loc":{"start":{"line":104,"column":35},"end":{"line":104,"column":63}},"line":104},"7":{"name":"(anonymous_7)","decl":{"start":{"line":112,"column":28},"end":{"line":112,"column":29}},"loc":{"start":{"line":112,"column":35},"end":{"line":112,"column":60}},"line":112},"8":{"name":"(anonymous_8)","decl":{"start":{"line":120,"column":28},"end":{"line":120,"column":29}},"loc":{"start":{"line":120,"column":35},"end":{"line":120,"column":73}},"line":120},"9":{"name":"(anonymous_9)","decl":{"start":{"line":127,"column":28},"end":{"line":127,"column":29}},"loc":{"start":{"line":127,"column":35},"end":{"line":127,"column":69}},"line":127},"10":{"name":"(anonymous_10)","decl":{"start":{"line":135,"column":28},"end":{"line":135,"column":29}},"loc":{"start":{"line":135,"column":35},"end":{"line":135,"column":64}},"line":135},"11":{"name":"(anonymous_11)","decl":{"start":{"line":155,"column":25},"end":{"line":155,"column":26}},"loc":{"start":{"line":155,"column":31},"end":{"line":157,"column":17}},"line":155},"12":{"name":"oo_cm","decl":{"start":{"line":179,"column":30},"end":{"line":179,"column":35}},"loc":{"start":{"line":179,"column":37},"end":{"line":179,"column":36296}},"line":179},"13":{"name":"oo_oo","decl":{"start":{"line":179,"column":36306},"end":{"line":179,"column":36311}},"loc":{"start":{"line":179,"column":36319},"end":{"line":179,"column":36370}},"line":179},"14":{"name":"oo_tr","decl":{"start":{"line":179,"column":36380},"end":{"line":179,"column":36385}},"loc":{"start":{"line":179,"column":36393},"end":{"line":179,"column":36446}},"line":179},"15":{"name":"oo_ts","decl":{"start":{"line":179,"column":36456},"end":{"line":179,"column":36461}},"loc":{"start":{"line":179,"column":36463},"end":{"line":179,"column":36502}},"line":179},"16":{"name":"oo_te","decl":{"start":{"line":179,"column":36512},"end":{"line":179,"column":36517}},"loc":{"start":{"line":179,"column":36519},"end":{"line":179,"column":36561}},"line":179}},"branchMap":{"0":{"loc":{"start":{"line":60,"column":9},"end":{"line":60,"column":75}},"type":"cond-expr","locations":[{"start":{"line":60,"column":17},"end":{"line":60,"column":68}},{"start":{"line":60,"column":71},"end":{"line":60,"column":75}}],"line":60},"1":{"loc":{"start":{"line":65,"column":14},"end":{"line":67,"column":43}},"type":"cond-expr","locations":[{"start":{"line":66,"column":18},"end":{"line":66,"column":43}},{"start":{"line":67,"column":18},"end":{"line":67,"column":43}}],"line":65},"2":{"loc":{"start":{"line":179,"column":49},"end":{"line":179,"column":36283}},"type":"binary-expr","locations":[{"start":{"line":179,"column":49},"end":{"line":179,"column":86}},{"start":{"line":179,"column":90},"end":{"line":179,"column":36283}}],"line":179}},"s":{"0":1,"1":0,"2":0,"3":0,"4":0,"5":0,"6":0,"7":0,"8":0,"9":0,"10":0,"11":0,"12":0,"13":0,"14":0,"15":0,"16":0,"17":0,"18":0,"19":0,"20":0,"21":0,"22":0,"23":0,"24":0,"25":0,"26":0,"27":0,"28":0,"29":0,"30":0,"31":0,"32":0,"33":0,"34":0,"35":0,"36":0,"37":0,"38":0,"39":0,"40":0,"41":0,"42":0,"43":0,"44":0,"45":0},"f":{"0":1,"1":0,"2":0,"3":0,"4":0,"5":0,"6":0,"7":0,"8":0,"9":0,"10":0,"11":0,"12":0,"13":0,"14":0,"15":0,"16":0},"b":{"0":[0,0],"1":[0,0],"2":[0,0]},"_coverageSchema":"1a1c01bbd47fc00a2c39e90264f33305004495a9","hash":"66049dc669425fad1950fe23aaae195444c6238f"}
,"D:\\UNIVALLE\\2023-I\\Desarrollo II\\Project\\frontend-hotel-nexus\\src\\pages\\reservations\\Reservations.jsx": {"path":"D:\\UNIVALLE\\2023-I\\Desarrollo II\\Project\\frontend-hotel-nexus\\src\\pages\\reservations\\Reservations.jsx","statementMap":{"0":{"start":{"line":10,"column":21},"end":{"line":84,"column":1}},"1":{"start":{"line":11,"column":18},"end":{"line":11,"column":37}},"2":{"start":{"line":12,"column":19},"end":{"line":12,"column":34}},"3":{"start":{"line":13,"column":51},"end":{"line":16,"column":3}},"4":{"start":{"line":17,"column":53},"end":{"line":20,"column":3}},"5":{"start":{"line":23,"column":15},"end":{"line":23,"column":44}},"6":{"start":{"line":24,"column":4},"end":{"line":34,"column":7}},"7":{"start":{"line":37,"column":16},"end":{"line":37,"column":18}},"8":{"start":{"line":38,"column":4},"end":{"line":40,"column":7}},"9":{"start":{"line":39,"column":6},"end":{"line":39,"column":30}},"10":{"start":{"line":42,"column":4},"end":{"line":42,"column":59}},"11":{"start":{"line":45,"column":2},"end":{"line":83,"column":4}},"12":{"start":{"line":50,"column":10},"end":{"line":50,"column":28}},"13":{"start":{"line":73,"column":18},"end":{"line":73,"column":31}},"14":{"start":{"line":93,"column":38},"end":{"line":93,"column":36295}},"15":{"start":{"line":93,"column":42},"end":{"line":93,"column":36284}},"16":{"start":{"line":93,"column":36320},"end":{"line":93,"column":36360}},"17":{"start":{"line":93,"column":36324},"end":{"line":93,"column":36349}},"18":{"start":{"line":93,"column":36361},"end":{"line":93,"column":36369}},"19":{"start":{"line":93,"column":36394},"end":{"line":93,"column":36436}},"20":{"start":{"line":93,"column":36398},"end":{"line":93,"column":36425}},"21":{"start":{"line":93,"column":36437},"end":{"line":93,"column":36445}},"22":{"start":{"line":93,"column":36464},"end":{"line":93,"column":36501}},"23":{"start":{"line":93,"column":36468},"end":{"line":93,"column":36490}},"24":{"start":{"line":93,"column":36520},"end":{"line":93,"column":36560}},"25":{"start":{"line":93,"column":36524},"end":{"line":93,"column":36549}}},"fnMap":{"0":{"name":"(anonymous_0)","decl":{"start":{"line":10,"column":21},"end":{"line":10,"column":22}},"loc":{"start":{"line":10,"column":27},"end":{"line":84,"column":1}},"line":10},"1":{"name":"assignRoom","decl":{"start":{"line":22,"column":17},"end":{"line":22,"column":27}},"loc":{"start":{"line":22,"column":30},"end":{"line":35,"column":3}},"line":22},"2":{"name":"generateRandomRoom","decl":{"start":{"line":36,"column":11},"end":{"line":36,"column":29}},"loc":{"start":{"line":36,"column":36},"end":{"line":43,"column":3}},"line":36},"3":{"name":"(anonymous_3)","decl":{"start":{"line":38,"column":14},"end":{"line":38,"column":15}},"loc":{"start":{"line":38,"column":24},"end":{"line":40,"column":5}},"line":38},"4":{"name":"(anonymous_4)","decl":{"start":{"line":49,"column":17},"end":{"line":49,"column":18}},"loc":{"start":{"line":49,"column":23},"end":{"line":51,"column":9}},"line":49},"5":{"name":"(anonymous_5)","decl":{"start":{"line":72,"column":25},"end":{"line":72,"column":26}},"loc":{"start":{"line":72,"column":31},"end":{"line":74,"column":17}},"line":72},"6":{"name":"oo_cm","decl":{"start":{"line":93,"column":30},"end":{"line":93,"column":35}},"loc":{"start":{"line":93,"column":37},"end":{"line":93,"column":36296}},"line":93},"7":{"name":"oo_oo","decl":{"start":{"line":93,"column":36306},"end":{"line":93,"column":36311}},"loc":{"start":{"line":93,"column":36319},"end":{"line":93,"column":36370}},"line":93},"8":{"name":"oo_tr","decl":{"start":{"line":93,"column":36380},"end":{"line":93,"column":36385}},"loc":{"start":{"line":93,"column":36393},"end":{"line":93,"column":36446}},"line":93},"9":{"name":"oo_ts","decl":{"start":{"line":93,"column":36456},"end":{"line":93,"column":36461}},"loc":{"start":{"line":93,"column":36463},"end":{"line":93,"column":36502}},"line":93},"10":{"name":"oo_te","decl":{"start":{"line":93,"column":36512},"end":{"line":93,"column":36517}},"loc":{"start":{"line":93,"column":36519},"end":{"line":93,"column":36561}},"line":93}},"branchMap":{"0":{"loc":{"start":{"line":56,"column":7},"end":{"line":81,"column":7}},"type":"binary-expr","locations":[{"start":{"line":56,"column":7},"end":{"line":56,"column":19}},{"start":{"line":56,"column":23},"end":{"line":56,"column":36}},{"start":{"line":57,"column":8},"end":{"line":80,"column":14}}],"line":56},"1":{"loc":{"start":{"line":59,"column":11},"end":{"line":79,"column":11}},"type":"cond-expr","locations":[{"start":{"line":60,"column":12},"end":{"line":67,"column":15}},{"start":{"line":69,"column":12},"end":{"line":78,"column":15}}],"line":59},"2":{"loc":{"start":{"line":93,"column":49},"end":{"line":93,"column":36283}},"type":"binary-expr","locations":[{"start":{"line":93,"column":49},"end":{"line":93,"column":86}},{"start":{"line":93,"column":90},"end":{"line":93,"column":36283}}],"line":93}},"s":{"0":2,"1":0,"2":0,"3":0,"4":0,"5":0,"6":0,"7":0,"8":0,"9":0,"10":0,"11":0,"12":0,"13":0,"14":0,"15":0,"16":0,"17":0,"18":0,"19":0,"20":0,"21":0,"22":0,"23":0,"24":0,"25":0},"f":{"0":0,"1":0,"2":0,"3":0,"4":0,"5":0,"6":0,"7":0,"8":0,"9":0,"10":0},"b":{"0":[0,0,0],"1":[0,0],"2":[0,0]},"_coverageSchema":"1a1c01bbd47fc00a2c39e90264f33305004495a9","hash":"62ef1c2bd657922ffd527f86497d8f75473097f6"}
,"D:\\UNIVALLE\\2023-I\\Desarrollo II\\Project\\frontend-hotel-nexus\\src\\pages\\roomState\\RoomState.jsx": {"path":"D:\\UNIVALLE\\2023-I\\Desarrollo II\\Project\\frontend-hotel-nexus\\src\\pages\\roomState\\RoomState.jsx","statementMap":{"0":{"start":{"line":12,"column":18},"end":{"line":144,"column":1}},"1":{"start":{"line":13,"column":28},"end":{"line":13,"column":43}},"2":{"start":{"line":14,"column":32},"end":{"line":14,"column":44}},"3":{"start":{"line":15,"column":36},"end":{"line":15,"column":55}},"4":{"start":{"line":16,"column":18},"end":{"line":16,"column":37}},"5":{"start":{"line":17,"column":19},"end":{"line":17,"column":34}},"6":{"start":{"line":18,"column":22},"end":{"line":18,"column":88}},"7":{"start":{"line":21,"column":4},"end":{"line":46,"column":9}},"8":{"start":{"line":29,"column":28},"end":{"line":29,"column":68}},"9":{"start":{"line":30,"column":8},"end":{"line":30,"column":53}},"10":{"start":{"line":31,"column":8},"end":{"line":31,"column":32}},"11":{"start":{"line":32,"column":8},"end":{"line":32,"column":23}},"12":{"start":{"line":33,"column":8},"end":{"line":35,"column":17}},"13":{"start":{"line":34,"column":10},"end":{"line":34,"column":29}},"14":{"start":{"line":38,"column":8},"end":{"line":38,"column":53}},"15":{"start":{"line":39,"column":8},"end":{"line":39,"column":32}},"16":{"start":{"line":40,"column":8},"end":{"line":40,"column":23}},"17":{"start":{"line":43,"column":8},"end":{"line":43,"column":43}},"18":{"start":{"line":44,"column":8},"end":{"line":44,"column":30}},"19":{"start":{"line":45,"column":8},"end":{"line":45,"column":23}},"20":{"start":{"line":49,"column":2},"end":{"line":143,"column":4}},"21":{"start":{"line":55,"column":10},"end":{"line":55,"column":28}},"22":{"start":{"line":127,"column":18},"end":{"line":127,"column":33}},"23":{"start":{"line":153,"column":38},"end":{"line":153,"column":36295}},"24":{"start":{"line":153,"column":42},"end":{"line":153,"column":36284}},"25":{"start":{"line":153,"column":36320},"end":{"line":153,"column":36360}},"26":{"start":{"line":153,"column":36324},"end":{"line":153,"column":36349}},"27":{"start":{"line":153,"column":36361},"end":{"line":153,"column":36369}},"28":{"start":{"line":153,"column":36394},"end":{"line":153,"column":36436}},"29":{"start":{"line":153,"column":36398},"end":{"line":153,"column":36425}},"30":{"start":{"line":153,"column":36437},"end":{"line":153,"column":36445}},"31":{"start":{"line":153,"column":36464},"end":{"line":153,"column":36501}},"32":{"start":{"line":153,"column":36468},"end":{"line":153,"column":36490}},"33":{"start":{"line":153,"column":36520},"end":{"line":153,"column":36560}},"34":{"start":{"line":153,"column":36524},"end":{"line":153,"column":36549}}},"fnMap":{"0":{"name":"(anonymous_0)","decl":{"start":{"line":12,"column":18},"end":{"line":12,"column":19}},"loc":{"start":{"line":12,"column":32},"end":{"line":144,"column":1}},"line":12},"1":{"name":"unassignRoom","decl":{"start":{"line":20,"column":17},"end":{"line":20,"column":29}},"loc":{"start":{"line":20,"column":32},"end":{"line":47,"column":3}},"line":20},"2":{"name":"(anonymous_2)","decl":{"start":{"line":28,"column":12},"end":{"line":28,"column":13}},"loc":{"start":{"line":28,"column":21},"end":{"line":36,"column":7}},"line":28},"3":{"name":"(anonymous_3)","decl":{"start":{"line":33,"column":19},"end":{"line":33,"column":20}},"loc":{"start":{"line":33,"column":25},"end":{"line":35,"column":9}},"line":33},"4":{"name":"(anonymous_4)","decl":{"start":{"line":37,"column":12},"end":{"line":37,"column":13}},"loc":{"start":{"line":37,"column":21},"end":{"line":41,"column":7}},"line":37},"5":{"name":"(anonymous_5)","decl":{"start":{"line":42,"column":13},"end":{"line":42,"column":14}},"loc":{"start":{"line":42,"column":24},"end":{"line":46,"column":7}},"line":42},"6":{"name":"(anonymous_6)","decl":{"start":{"line":54,"column":17},"end":{"line":54,"column":18}},"loc":{"start":{"line":54,"column":23},"end":{"line":56,"column":9}},"line":54},"7":{"name":"(anonymous_7)","decl":{"start":{"line":126,"column":25},"end":{"line":126,"column":26}},"loc":{"start":{"line":126,"column":31},"end":{"line":128,"column":17}},"line":126},"8":{"name":"oo_cm","decl":{"start":{"line":153,"column":30},"end":{"line":153,"column":35}},"loc":{"start":{"line":153,"column":37},"end":{"line":153,"column":36296}},"line":153},"9":{"name":"oo_oo","decl":{"start":{"line":153,"column":36306},"end":{"line":153,"column":36311}},"loc":{"start":{"line":153,"column":36319},"end":{"line":153,"column":36370}},"line":153},"10":{"name":"oo_tr","decl":{"start":{"line":153,"column":36380},"end":{"line":153,"column":36385}},"loc":{"start":{"line":153,"column":36393},"end":{"line":153,"column":36446}},"line":153},"11":{"name":"oo_ts","decl":{"start":{"line":153,"column":36456},"end":{"line":153,"column":36461}},"loc":{"start":{"line":153,"column":36463},"end":{"line":153,"column":36502}},"line":153},"12":{"name":"oo_te","decl":{"start":{"line":153,"column":36512},"end":{"line":153,"column":36517}},"loc":{"start":{"line":153,"column":36519},"end":{"line":153,"column":36561}},"line":153}},"branchMap":{"0":{"loc":{"start":{"line":51,"column":7},"end":{"line":51,"column":73}},"type":"cond-expr","locations":[{"start":{"line":51,"column":15},"end":{"line":51,"column":66}},{"start":{"line":51,"column":69},"end":{"line":51,"column":73}}],"line":51},"1":{"loc":{"start":{"line":65,"column":13},"end":{"line":67,"column":52}},"type":"cond-expr","locations":[{"start":{"line":66,"column":16},"end":{"line":66,"column":66}},{"start":{"line":67,"column":16},"end":{"line":67,"column":52}}],"line":65},"2":{"loc":{"start":{"line":76,"column":13},"end":{"line":76,"column":54}},"type":"cond-expr","locations":[{"start":{"line":76,"column":35},"end":{"line":76,"column":44}},{"start":{"line":76,"column":47},"end":{"line":76,"column":54}}],"line":76},"3":{"loc":{"start":{"line":81,"column":11},"end":{"line":133,"column":11}},"type":"binary-expr","locations":[{"start":{"line":81,"column":11},"end":{"line":81,"column":30}},{"start":{"line":82,"column":12},"end":{"line":132,"column":15}}],"line":81},"4":{"loc":{"start":{"line":134,"column":11},"end":{"line":139,"column":11}},"type":"binary-expr","locations":[{"start":{"line":134,"column":11},"end":{"line":134,"column":26}},{"start":{"line":135,"column":12},"end":{"line":138,"column":15}}],"line":134},"5":{"loc":{"start":{"line":153,"column":49},"end":{"line":153,"column":36283}},"type":"binary-expr","locations":[{"start":{"line":153,"column":49},"end":{"line":153,"column":86}},{"start":{"line":153,"column":90},"end":{"line":153,"column":36283}}],"line":153}},"s":{"0":2,"1":0,"2":0,"3":0,"4":0,"5":0,"6":0,"7":0,"8":0,"9":0,"10":0,"11":0,"12":0,"13":0,"14":0,"15":0,"16":0,"17":0,"18":0,"19":0,"20":0,"21":0,"22":0,"23":0,"24":0,"25":0,"26":0,"27":0,"28":0,"29":0,"30":0,"31":0,"32":0,"33":0,"34":0},"f":{"0":0,"1":0,"2":0,"3":0,"4":0,"5":0,"6":0,"7":0,"8":0,"9":0,"10":0,"11":0,"12":0},"b":{"0":[0,0],"1":[0,0],"2":[0,0],"3":[0,0],"4":[0,0],"5":[0,0]},"_coverageSchema":"1a1c01bbd47fc00a2c39e90264f33305004495a9","hash":"629aef962cab17c22e217d8fbb299498de0f0ead"}
,"D:\\UNIVALLE\\2023-I\\Desarrollo II\\Project\\frontend-hotel-nexus\\src\\pages\\rooms\\Rooms.jsx": {"path":"D:\\UNIVALLE\\2023-I\\Desarrollo II\\Project\\frontend-hotel-nexus\\src\\pages\\rooms\\Rooms.jsx","statementMap":{"0":{"start":{"line":12,"column":14},"end":{"line":129,"column":1}},"1":{"start":{"line":13,"column":14},"end":{"line":13,"column":37}},"2":{"start":{"line":14,"column":30},"end":{"line":14,"column":42}},"3":{"start":{"line":15,"column":34},"end":{"line":15,"column":46}},"4":{"start":{"line":16,"column":42},"end":{"line":16,"column":61}},"5":{"start":{"line":17,"column":26},"end":{"line":17,"column":38}},"6":{"start":{"line":18,"column":19},"end":{"line":18,"column":34}},"7":{"start":{"line":19,"column":18},"end":{"line":19,"column":37}},"8":{"start":{"line":20,"column":59},"end":{"line":22,"column":3}},"9":{"start":{"line":23,"column":51},"end":{"line":25,"column":3}},"10":{"start":{"line":27,"column":22},"end":{"line":27,"column":82}},"11":{"start":{"line":28,"column":22},"end":{"line":28,"column":76}},"12":{"start":{"line":31,"column":4},"end":{"line":41,"column":7}},"13":{"start":{"line":39,"column":6},"end":{"line":39,"column":20}},"14":{"start":{"line":40,"column":6},"end":{"line":40,"column":22}},"15":{"start":{"line":45,"column":4},"end":{"line":45,"column":23}},"16":{"start":{"line":46,"column":4},"end":{"line":46,"column":15}},"17":{"start":{"line":49,"column":2},"end":{"line":128,"column":4}},"18":{"start":{"line":54,"column":10},"end":{"line":54,"column":28}},"19":{"start":{"line":71,"column":31},"end":{"line":71,"column":56}},"20":{"start":{"line":77,"column":31},"end":{"line":77,"column":58}},"21":{"start":{"line":87,"column":12},"end":{"line":87,"column":39}},"22":{"start":{"line":88,"column":12},"end":{"line":88,"column":24}},"23":{"start":{"line":96,"column":12},"end":{"line":96,"column":32}},"24":{"start":{"line":97,"column":12},"end":{"line":97,"column":28}},"25":{"start":{"line":106,"column":12},"end":{"line":113,"column":14}},"26":{"start":{"line":117,"column":12},"end":{"line":124,"column":14}},"27":{"start":{"line":138,"column":38},"end":{"line":138,"column":36295}},"28":{"start":{"line":138,"column":42},"end":{"line":138,"column":36284}},"29":{"start":{"line":138,"column":36320},"end":{"line":138,"column":36360}},"30":{"start":{"line":138,"column":36324},"end":{"line":138,"column":36349}},"31":{"start":{"line":138,"column":36361},"end":{"line":138,"column":36369}},"32":{"start":{"line":138,"column":36394},"end":{"line":138,"column":36436}},"33":{"start":{"line":138,"column":36398},"end":{"line":138,"column":36425}},"34":{"start":{"line":138,"column":36437},"end":{"line":138,"column":36445}},"35":{"start":{"line":138,"column":36464},"end":{"line":138,"column":36501}},"36":{"start":{"line":138,"column":36468},"end":{"line":138,"column":36490}},"37":{"start":{"line":138,"column":36520},"end":{"line":138,"column":36560}},"38":{"start":{"line":138,"column":36524},"end":{"line":138,"column":36549}}},"fnMap":{"0":{"name":"(anonymous_0)","decl":{"start":{"line":12,"column":14},"end":{"line":12,"column":15}},"loc":{"start":{"line":12,"column":20},"end":{"line":129,"column":1}},"line":12},"1":{"name":"sendData","decl":{"start":{"line":30,"column":11},"end":{"line":30,"column":19}},"loc":{"start":{"line":30,"column":22},"end":{"line":42,"column":3}},"line":30},"2":{"name":"(anonymous_2)","decl":{"start":{"line":38,"column":12},"end":{"line":38,"column":13}},"loc":{"start":{"line":38,"column":21},"end":{"line":41,"column":5}},"line":38},"3":{"name":"handleSubmit","decl":{"start":{"line":44,"column":11},"end":{"line":44,"column":23}},"loc":{"start":{"line":44,"column":27},"end":{"line":47,"column":3}},"line":44},"4":{"name":"(anonymous_4)","decl":{"start":{"line":53,"column":17},"end":{"line":53,"column":18}},"loc":{"start":{"line":53,"column":23},"end":{"line":55,"column":9}},"line":53},"5":{"name":"(anonymous_5)","decl":{"start":{"line":71,"column":24},"end":{"line":71,"column":25}},"loc":{"start":{"line":71,"column":31},"end":{"line":71,"column":56}},"line":71},"6":{"name":"(anonymous_6)","decl":{"start":{"line":77,"column":24},"end":{"line":77,"column":25}},"loc":{"start":{"line":77,"column":31},"end":{"line":77,"column":58}},"line":77},"7":{"name":"(anonymous_7)","decl":{"start":{"line":86,"column":19},"end":{"line":86,"column":20}},"loc":{"start":{"line":86,"column":25},"end":{"line":89,"column":11}},"line":86},"8":{"name":"(anonymous_8)","decl":{"start":{"line":95,"column":19},"end":{"line":95,"column":20}},"loc":{"start":{"line":95,"column":25},"end":{"line":98,"column":11}},"line":95},"9":{"name":"(anonymous_9)","decl":{"start":{"line":105,"column":28},"end":{"line":105,"column":29}},"loc":{"start":{"line":105,"column":38},"end":{"line":114,"column":11}},"line":105},"10":{"name":"(anonymous_10)","decl":{"start":{"line":116,"column":24},"end":{"line":116,"column":25}},"loc":{"start":{"line":116,"column":34},"end":{"line":125,"column":11}},"line":116},"11":{"name":"oo_cm","decl":{"start":{"line":138,"column":30},"end":{"line":138,"column":35}},"loc":{"start":{"line":138,"column":37},"end":{"line":138,"column":36296}},"line":138},"12":{"name":"oo_oo","decl":{"start":{"line":138,"column":36306},"end":{"line":138,"column":36311}},"loc":{"start":{"line":138,"column":36319},"end":{"line":138,"column":36370}},"line":138},"13":{"name":"oo_tr","decl":{"start":{"line":138,"column":36380},"end":{"line":138,"column":36385}},"loc":{"start":{"line":138,"column":36393},"end":{"line":138,"column":36446}},"line":138},"14":{"name":"oo_ts","decl":{"start":{"line":138,"column":36456},"end":{"line":138,"column":36461}},"loc":{"start":{"line":138,"column":36463},"end":{"line":138,"column":36502}},"line":138},"15":{"name":"oo_te","decl":{"start":{"line":138,"column":36512},"end":{"line":138,"column":36517}},"loc":{"start":{"line":138,"column":36519},"end":{"line":138,"column":36561}},"line":138}},"branchMap":{"0":{"loc":{"start":{"line":104,"column":9},"end":{"line":114,"column":12}},"type":"binary-expr","locations":[{"start":{"line":104,"column":9},"end":{"line":104,"column":27}},{"start":{"line":105,"column":10},"end":{"line":114,"column":12}}],"line":104},"1":{"loc":{"start":{"line":115,"column":9},"end":{"line":125,"column":12}},"type":"binary-expr","locations":[{"start":{"line":115,"column":9},"end":{"line":115,"column":19}},{"start":{"line":116,"column":10},"end":{"line":125,"column":12}}],"line":115},"2":{"loc":{"start":{"line":138,"column":49},"end":{"line":138,"column":36283}},"type":"binary-expr","locations":[{"start":{"line":138,"column":49},"end":{"line":138,"column":86}},{"start":{"line":138,"column":90},"end":{"line":138,"column":36283}}],"line":138}},"s":{"0":3,"1":1,"2":0,"3":0,"4":0,"5":0,"6":0,"7":0,"8":0,"9":0,"10":0,"11":0,"12":0,"13":0,"14":0,"15":0,"16":0,"17":0,"18":0,"19":0,"20":0,"21":0,"22":0,"23":0,"24":0,"25":0,"26":0,"27":0,"28":0,"29":0,"30":0,"31":0,"32":0,"33":0,"34":0,"35":0,"36":0,"37":0,"38":0},"f":{"0":1,"1":0,"2":0,"3":0,"4":0,"5":0,"6":0,"7":0,"8":0,"9":0,"10":0,"11":0,"12":0,"13":0,"14":0,"15":0},"b":{"0":[0,0],"1":[0,0],"2":[0,0]},"_coverageSchema":"1a1c01bbd47fc00a2c39e90264f33305004495a9","hash":"a4142590658a9344b414d4dd7b031664fb6d35b5"}
,"D:\\UNIVALLE\\2023-I\\Desarrollo II\\Project\\frontend-hotel-nexus\\src\\translations\\translations.js": {"path":"D:\\UNIVALLE\\2023-I\\Desarrollo II\\Project\\frontend-hotel-nexus\\src\\translations\\translations.js","statementMap":{"0":{"start":{"line":20,"column":23},"end":{"line":47,"column":1}}},"fnMap":{},"branchMap":{},"s":{"0":2},"f":{},"b":{},"_coverageSchema":"1a1c01bbd47fc00a2c39e90264f33305004495a9","hash":"124fa0b68f177d0bf3e97229483e9ebf97996c21"}
}
