TN:
SF:src\App.jsx
FN:13,App
FNF:1
FNH:1
FNDA:3,App
DA:14,3
LF:1
LH:1
BRF:0
BRH:0
end_of_record
TN:
SF:src\main.jsx
FNF:0
FNH:0
DA:11,0
DA:13,0
LF:2
LH:0
BRF:0
BRH:0
end_of_record
TN:
SF:src\components\alertMessage\AlertMessage.jsx
FN:6,Alert
FN:10,(anonymous_1)
FN:13,(anonymous_2)
FNF:3
FNH:2
FNDA:2,Alert
FNDA:1,(anonymous_1)
FNDA:0,(anonymous_2)
DA:6,5
DA:7,2
DA:10,5
DA:11,1
DA:13,1
DA:14,0
DA:15,0
DA:18,0
DA:21,1
LF:9
LH:6
BRDA:14,0,0,0
BRDA:14,0,1,0
BRF:2
BRH:0
end_of_record
TN:
SF:src\components\buttonIcon\ButtonIcon.jsx
FN:9,(anonymous_0)
FN:18,(anonymous_1)
FNF:2
FNH:2
FNDA:3,(anonymous_0)
FNDA:1,(anonymous_1)
DA:9,7
DA:10,3
DA:11,3
DA:12,3
DA:14,3
DA:19,1
DA:20,1
LF:7
LH:7
BRDA:19,0,0,0
BRDA:19,0,1,1
BRDA:20,1,0,1
BRDA:20,1,1,0
BRF:4
BRH:2
end_of_record
TN:
SF:src\components\cardInformation\CardInformation.jsx
FN:5,CardInformation
FNF:1
FNH:1
FNDA:11,CardInformation
DA:6,11
LF:1
LH:1
BRF:0
BRH:0
end_of_record
TN:
SF:src\components\cardMenu\CardMenu.jsx
FN:4,(anonymous_0)
FN:11,(anonymous_1)
FNF:2
FNH:2
FNDA:3,(anonymous_0)
FNDA:1,(anonymous_1)
DA:4,4
DA:5,3
DA:7,3
DA:12,1
LF:4
LH:4
BRDA:18,0,0,0
BRDA:18,0,1,3
BRF:2
BRH:1
end_of_record
TN:
SF:src\components\cardRoom\CardRoom.jsx
FN:7,(anonymous_0)
FN:21,(anonymous_1)
FNF:2
FNH:1
FNDA:1,(anonymous_0)
FNDA:0,(anonymous_1)
DA:7,4
DA:8,1
DA:9,0
DA:10,0
DA:11,0
DA:22,0
DA:23,0
DA:24,0
DA:26,0
LF:9
LH:2
BRDA:17,0,0,0
BRDA:17,0,1,0
BRDA:23,1,0,0
BRDA:23,1,1,0
BRF:4
BRH:0
end_of_record
TN:
SF:src\components\header\Header.jsx
FN:3,(anonymous_0)
FNF:1
FNH:1
FNDA:1,(anonymous_0)
DA:3,7
DA:4,1
LF:2
LH:2
BRF:0
BRH:0
end_of_record
TN:
SF:src\components\imageSlider\ImageSlider.jsx
FN:13,(anonymous_0)
FN:27,(anonymous_1)
FN:38,(anonymous_2)
FN:49,(anonymous_3)
FN:54,(anonymous_4)
FN:59,(anonymous_5)
FN:64,(anonymous_6)
FN:69,(anonymous_7)
FNF:8
FNH:1
FNDA:10,(anonymous_0)
FNDA:0,(anonymous_1)
FNDA:0,(anonymous_2)
FNDA:0,(anonymous_3)
FNDA:0,(anonymous_4)
FNDA:0,(anonymous_5)
FNDA:0,(anonymous_6)
FNDA:0,(anonymous_7)
DA:11,4
DA:13,4
DA:14,10
DA:16,10
DA:28,0
DA:29,0
DA:31,0
DA:39,0
DA:40,0
DA:42,0
DA:50,0
DA:55,0
DA:60,0
DA:65,0
DA:70,0
LF:15
LH:4
BRDA:28,0,0,0
BRDA:28,0,1,0
BRDA:39,1,0,0
BRDA:39,1,1,0
BRF:4
BRH:0
end_of_record
TN:
SF:src\components\loader\Loader.jsx
FN:3,(anonymous_0)
FNF:1
FNH:1
FNDA:1,(anonymous_0)
DA:3,4
DA:4,1
LF:2
LH:2
BRF:0
BRH:0
end_of_record
TN:
SF:src\components\navDrawer\NavDrawer.jsx
FN:5,(anonymous_0)
FN:14,(anonymous_1)
FN:18,(anonymous_2)
FNF:3
FNH:3
FNDA:3,(anonymous_0)
FNDA:4,(anonymous_1)
FNDA:1,(anonymous_2)
DA:5,5
DA:6,3
DA:8,3
DA:15,4
DA:18,1
LF:5
LH:5
BRF:0
BRH:0
end_of_record
TN:
SF:src\components\navbar\Navbar.jsx
FN:16,(anonymous_0)
FN:45,(anonymous_1)
FN:51,(anonymous_2)
FN:56,(anonymous_3)
FN:67,(anonymous_4)
FN:80,(anonymous_5)
FN:88,(anonymous_6)
FNF:7
FNH:1
FNDA:6,(anonymous_0)
FNDA:0,(anonymous_1)
FNDA:0,(anonymous_2)
FNDA:0,(anonymous_3)
FNDA:0,(anonymous_4)
FNDA:0,(anonymous_5)
FNDA:0,(anonymous_6)
DA:16,4
DA:17,6
DA:18,6
DA:19,6
DA:20,5
DA:22,5
DA:27,5
DA:46,0
DA:52,0
DA:57,0
DA:68,0
DA:80,0
DA:88,0
LF:13
LH:7
BRDA:35,0,0,0
BRDA:35,0,1,5
BRDA:40,1,0,0
BRDA:40,1,1,5
BRDA:49,2,0,0
BRDA:49,2,1,5
BRDA:68,3,0,0
BRDA:68,3,1,0
BRF:8
BRH:3
end_of_record
TN:
SF:src\components\settings\Settings.jsx
FN:11,(anonymous_0)
FN:21,(anonymous_1)
FNF:2
FNH:1
FNDA:1,(anonymous_0)
FNDA:0,(anonymous_1)
DA:11,6
DA:12,1
DA:13,1
DA:14,0
DA:15,0
DA:17,0
DA:22,0
LF:7
LH:3
BRDA:20,0,0,0
BRDA:20,0,1,0
BRDA:25,1,0,0
BRDA:25,1,1,0
BRDA:36,2,0,0
BRDA:36,2,1,0
BRF:6
BRH:0
end_of_record
TN:
SF:src\context\Context.jsx
FN:4,ContextProvider
FNF:1
FNH:1
FNDA:3,ContextProvider
DA:2,12
DA:5,3
DA:11,3
DA:12,3
LF:4
LH:4
BRF:0
BRH:0
end_of_record
TN:
SF:src\functions\changeLanguage.js
FN:1,changeLanguage
FNF:1
FNH:0
FNDA:0,changeLanguage
DA:2,0
LF:1
LH:0
BRDA:2,0,0,0
BRDA:2,0,1,0
BRF:2
BRH:0
end_of_record
TN:
SF:src\hooks\useFetch.js
FN:4,useFetch
FN:10,(anonymous_1)
FN:19,(anonymous_2)
FN:20,(anonymous_3)
FN:21,(anonymous_4)
FN:22,(anonymous_5)
FNF:6
FNH:0
FNDA:0,useFetch
FNDA:0,(anonymous_1)
FNDA:0,(anonymous_2)
FNDA:0,(anonymous_3)
FNDA:0,(anonymous_4)
FNDA:0,(anonymous_5)
DA:5,0
DA:6,0
DA:7,0
DA:8,0
DA:10,0
DA:11,0
DA:12,0
DA:19,0
DA:20,0
DA:21,0
DA:22,0
DA:24,0
LF:12
LH:0
BRF:0
BRH:0
end_of_record
TN:
SF:src\pages\clients\Clients.jsx
FN:10,(anonymous_0)
FN:37,(anonymous_1)
FN:51,(anonymous_2)
FN:61,(anonymous_3)
FNF:4
FNH:1
FNDA:1,(anonymous_0)
FNDA:0,(anonymous_1)
FNDA:0,(anonymous_2)
FNDA:0,(anonymous_3)
DA:10,3
DA:11,1
DA:12,0
DA:13,0
DA:21,0
DA:38,0
DA:52,0
DA:57,0
DA:62,0
LF:9
LH:2
BRDA:39,0,0,0
BRDA:39,0,1,0
BRDA:40,1,0,0
BRDA:40,1,1,0
BRDA:68,2,0,0
BRDA:68,2,1,0
BRF:6
BRH:0
end_of_record
TN:
SF:src\pages\clients\convertJSON.js
FN:50,convertJSON
FN:52,(anonymous_1)
FNF:2
FNH:0
FNDA:0,convertJSON
FNDA:0,(anonymous_1)
DA:1,3
DA:51,0
DA:52,0
DA:53,0
DA:63,0
LF:5
LH:1
BRF:0
BRH:0
end_of_record
TN:
SF:src\pages\faceRegister\FaceRegister.jsx
FN:13,FaceRegister
FN:30,(anonymous_1)
FN:35,(anonymous_2)
FN:58,submit
FN:66,(anonymous_4)
FN:79,(anonymous_5)
FN:203,oo_cm
FN:203,oo_oo
FN:203,oo_tr
FN:203,oo_ts
FN:203,oo_te
FNF:11
FNH:1
FNDA:1,FaceRegister
FNDA:0,(anonymous_1)
FNDA:0,(anonymous_2)
FNDA:0,submit
FNDA:0,(anonymous_4)
FNDA:0,(anonymous_5)
FNDA:0,oo_cm
FNDA:0,oo_oo
FNDA:0,oo_tr
FNDA:0,oo_ts
FNDA:0,oo_te
DA:14,1
DA:16,0
DA:27,0
DA:28,0
DA:30,0
DA:31,0
DA:32,0
DA:35,0
DA:36,0
DA:51,0
DA:53,0
DA:55,0
DA:59,0
DA:61,0
DA:67,0
DA:87,0
DA:203,0
LF:17
LH:1
BRDA:94,0,0,0
BRDA:94,0,1,0
BRDA:153,1,0,0
BRDA:153,1,1,0
BRDA:203,2,0,0
BRDA:203,2,1,0
BRF:6
BRH:0
end_of_record
TN:
SF:src\pages\home\Home.jsx
FN:12,(anonymous_0)
FN:19,(anonymous_1)
FN:21,(anonymous_2)
FN:44,(anonymous_3)
FNF:4
FNH:1
FNDA:1,(anonymous_0)
FNDA:0,(anonymous_1)
FNDA:0,(anonymous_2)
FNDA:0,(anonymous_3)
DA:12,3
DA:13,1
DA:14,0
DA:15,0
DA:16,0
DA:17,0
DA:19,0
DA:20,0
DA:21,0
DA:22,0
DA:26,0
DA:45,0
LF:12
LH:2
BRDA:28,0,0,0
BRDA:28,0,1,0
BRDA:42,1,0,0
BRDA:42,1,1,0
BRF:4
BRH:0
end_of_record
TN:
SF:src\pages\home\links.js
FN:15,generateLinks
FNF:1
FNH:0
FNDA:0,generateLinks
DA:7,3
DA:8,3
DA:9,3
DA:11,3
DA:12,3
DA:13,3
DA:16,0
DA:18,0
DA:53,0
DA:73,0
LF:10
LH:6
BRDA:16,0,0,0
BRDA:16,0,1,0
BRDA:16,0,2,0
BRF:3
BRH:0
end_of_record
TN:
SF:src\pages\homePage\HomePage.jsx
FN:10,(anonymous_0)
FNF:1
FNH:1
FNDA:6,(anonymous_0)
DA:10,3
DA:11,6
DA:12,5
DA:16,5
DA:21,5
LF:5
LH:5
BRF:0
BRH:0
end_of_record
TN:
SF:src\pages\login\Login.jsx
FN:13,(anonymous_0)
FN:25,(anonymous_1)
FN:30,(anonymous_2)
FN:71,(anonymous_3)
FN:89,(anonymous_4)
FN:98,(anonymous_5)
FN:121,(anonymous_6)
FN:133,(anonymous_7)
FN:162,(anonymous_8)
FN:186,oo_cm
FN:186,oo_oo
FN:186,oo_tr
FN:186,oo_ts
FN:186,oo_te
FNF:14
FNH:1
FNDA:1,(anonymous_0)
FNDA:0,(anonymous_1)
FNDA:0,(anonymous_2)
FNDA:0,(anonymous_3)
FNDA:0,(anonymous_4)
FNDA:0,(anonymous_5)
FNDA:0,(anonymous_6)
FNDA:0,(anonymous_7)
FNDA:0,(anonymous_8)
FNDA:0,oo_cm
FNDA:0,oo_oo
FNDA:0,oo_tr
FNDA:0,oo_ts
FNDA:0,oo_te
DA:13,3
DA:14,1
DA:15,0
DA:16,0
DA:17,0
DA:18,0
DA:19,0
DA:20,0
DA:21,0
DA:22,0
DA:25,0
DA:26,0
DA:27,0
DA:30,0
DA:31,0
DA:32,0
DA:37,0
DA:45,0
DA:46,0
DA:48,0
DA:49,0
DA:50,0
DA:51,0
DA:52,0
DA:53,0
DA:54,0
DA:55,0
DA:58,0
DA:60,0
DA:66,0
DA:68,0
DA:69,0
DA:70,0
DA:71,0
DA:72,0
DA:75,0
DA:76,0
DA:77,0
DA:78,0
DA:82,0
DA:90,0
DA:99,0
DA:122,0
DA:123,0
DA:124,0
DA:134,0
DA:135,0
DA:136,0
DA:163,0
DA:186,0
LF:50
LH:2
BRDA:48,0,0,0
BRDA:48,0,1,0
BRDA:50,1,0,0
BRDA:50,1,1,0
BRDA:52,2,0,0
BRDA:52,2,1,0
BRDA:54,3,0,0
BRDA:54,3,1,0
BRDA:85,4,0,0
BRDA:85,4,1,0
BRDA:90,5,0,0
BRDA:90,5,1,0
BRDA:140,6,0,0
BRDA:140,6,1,0
BRDA:186,7,0,0
BRDA:186,7,1,0
BRF:16
BRH:0
end_of_record
TN:
SF:src\pages\profile\Profile.jsx
FN:14,(anonymous_0)
FN:27,(anonymous_1)
FNF:2
FNH:0
FNDA:0,(anonymous_0)
FNDA:0,(anonymous_1)
DA:14,2
DA:15,0
DA:17,0
DA:18,0
DA:19,0
DA:23,0
DA:28,0
LF:7
LH:1
BRDA:39,0,0,0
BRDA:39,0,1,0
BRDA:40,1,0,0
BRDA:40,1,1,0
BRDA:46,2,0,0
BRDA:46,2,1,0
BRF:6
BRH:0
end_of_record
TN:
SF:src\pages\register\Register.jsx
FN:10,Register
FN:24,(anonymous_1)
FN:29,(anonymous_2)
FN:64,(anonymous_3)
FN:73,(anonymous_4)
FN:96,(anonymous_5)
FN:104,(anonymous_6)
FN:112,(anonymous_7)
FN:120,(anonymous_8)
FN:127,(anonymous_9)
FN:135,(anonymous_10)
FN:155,(anonymous_11)
FN:179,oo_cm
FN:179,oo_oo
FN:179,oo_tr
FN:179,oo_ts
FN:179,oo_te
FNF:17
FNH:1
FNDA:1,Register
FNDA:0,(anonymous_1)
FNDA:0,(anonymous_2)
FNDA:0,(anonymous_3)
FNDA:0,(anonymous_4)
FNDA:0,(anonymous_5)
FNDA:0,(anonymous_6)
FNDA:0,(anonymous_7)
FNDA:0,(anonymous_8)
FNDA:0,(anonymous_9)
FNDA:0,(anonymous_10)
FNDA:0,(anonymous_11)
FNDA:0,oo_cm
FNDA:0,oo_oo
FNDA:0,oo_tr
FNDA:0,oo_ts
FNDA:0,oo_te
DA:11,1
DA:12,0
DA:13,0
DA:14,0
DA:15,0
DA:16,0
DA:17,0
DA:18,0
DA:19,0
DA:20,0
DA:22,0
DA:24,0
DA:25,0
DA:26,0
DA:29,0
DA:30,0
DA:31,0
DA:42,0
DA:48,0
DA:50,0
DA:51,0
DA:52,0
DA:53,0
DA:54,0
DA:57,0
DA:65,0
DA:74,0
DA:96,0
DA:104,0
DA:112,0
DA:120,0
DA:127,0
DA:135,0
DA:156,0
DA:179,0
LF:35
LH:1
BRDA:60,0,0,0
BRDA:60,0,1,0
BRDA:65,1,0,0
BRDA:65,1,1,0
BRDA:179,2,0,0
BRDA:179,2,1,0
BRF:6
BRH:0
end_of_record
TN:
SF:src\pages\reservations\Reservations.jsx
FN:10,(anonymous_0)
FN:22,assignRoom
FN:36,generateRandomRoom
FN:38,(anonymous_3)
FN:49,(anonymous_4)
FN:72,(anonymous_5)
FN:93,oo_cm
FN:93,oo_oo
FN:93,oo_tr
FN:93,oo_ts
FN:93,oo_te
FNF:11
FNH:0
FNDA:0,(anonymous_0)
FNDA:0,assignRoom
FNDA:0,generateRandomRoom
FNDA:0,(anonymous_3)
FNDA:0,(anonymous_4)
FNDA:0,(anonymous_5)
FNDA:0,oo_cm
FNDA:0,oo_oo
FNDA:0,oo_tr
FNDA:0,oo_ts
FNDA:0,oo_te
DA:10,2
DA:11,0
DA:12,0
DA:13,0
DA:17,0
DA:23,0
DA:24,0
DA:37,0
DA:38,0
DA:39,0
DA:42,0
DA:45,0
DA:50,0
DA:73,0
DA:93,0
LF:15
LH:1
BRDA:56,0,0,0
BRDA:56,0,1,0
BRDA:56,0,2,0
BRDA:59,1,0,0
BRDA:59,1,1,0
BRDA:93,2,0,0
BRDA:93,2,1,0
BRF:7
BRH:0
end_of_record
TN:
SF:src\pages\roomState\RoomState.jsx
FN:12,(anonymous_0)
FN:20,unassignRoom
FN:28,(anonymous_2)
FN:33,(anonymous_3)
FN:37,(anonymous_4)
FN:42,(anonymous_5)
FN:54,(anonymous_6)
FN:126,(anonymous_7)
FN:153,oo_cm
FN:153,oo_oo
FN:153,oo_tr
FN:153,oo_ts
FN:153,oo_te
FNF:13
FNH:0
FNDA:0,(anonymous_0)
FNDA:0,unassignRoom
FNDA:0,(anonymous_2)
FNDA:0,(anonymous_3)
FNDA:0,(anonymous_4)
FNDA:0,(anonymous_5)
FNDA:0,(anonymous_6)
FNDA:0,(anonymous_7)
FNDA:0,oo_cm
FNDA:0,oo_oo
FNDA:0,oo_tr
FNDA:0,oo_ts
FNDA:0,oo_te
DA:12,2
DA:13,0
DA:14,0
DA:15,0
DA:16,0
DA:17,0
DA:18,0
DA:21,0
DA:29,0
DA:30,0
DA:31,0
DA:32,0
DA:33,0
DA:34,0
DA:38,0
DA:39,0
DA:40,0
DA:43,0
DA:44,0
DA:45,0
DA:49,0
DA:55,0
DA:127,0
DA:153,0
LF:24
LH:1
BRDA:51,0,0,0
BRDA:51,0,1,0
BRDA:65,1,0,0
BRDA:65,1,1,0
BRDA:76,2,0,0
BRDA:76,2,1,0
BRDA:81,3,0,0
BRDA:81,3,1,0
BRDA:134,4,0,0
BRDA:134,4,1,0
BRDA:153,5,0,0
BRDA:153,5,1,0
BRF:12
BRH:0
end_of_record
TN:
SF:src\pages\rooms\Rooms.jsx
FN:12,(anonymous_0)
FN:30,sendData
FN:38,(anonymous_2)
FN:44,handleSubmit
FN:53,(anonymous_4)
FN:71,(anonymous_5)
FN:77,(anonymous_6)
FN:86,(anonymous_7)
FN:95,(anonymous_8)
FN:105,(anonymous_9)
FN:116,(anonymous_10)
FN:138,oo_cm
FN:138,oo_oo
FN:138,oo_tr
FN:138,oo_ts
FN:138,oo_te
FNF:16
FNH:1
FNDA:1,(anonymous_0)
FNDA:0,sendData
FNDA:0,(anonymous_2)
FNDA:0,handleSubmit
FNDA:0,(anonymous_4)
FNDA:0,(anonymous_5)
FNDA:0,(anonymous_6)
FNDA:0,(anonymous_7)
FNDA:0,(anonymous_8)
FNDA:0,(anonymous_9)
FNDA:0,(anonymous_10)
FNDA:0,oo_cm
FNDA:0,oo_oo
FNDA:0,oo_tr
FNDA:0,oo_ts
FNDA:0,oo_te
DA:12,3
DA:13,1
DA:14,0
DA:15,0
DA:16,0
DA:17,0
DA:18,0
DA:19,0
DA:20,0
DA:23,0
DA:27,0
DA:28,0
DA:31,0
DA:39,0
DA:40,0
DA:45,0
DA:46,0
DA:49,0
DA:54,0
DA:71,0
DA:77,0
DA:87,0
DA:88,0
DA:96,0
DA:97,0
DA:106,0
DA:117,0
DA:138,0
LF:28
LH:2
BRDA:104,0,0,0
BRDA:104,0,1,0
BRDA:115,1,0,0
BRDA:115,1,1,0
BRDA:138,2,0,0
BRDA:138,2,1,0
BRF:6
BRH:0
end_of_record
TN:
SF:src\translations\translations.js
FNF:0
FNH:0
DA:20,2
LF:1
LH:1
BRF:0
BRH:0
end_of_record
